#
# There is insufficient memory for the Java Runtime Environment to continue.
# Native memory allocation (malloc) failed to allocate 1620272 bytes for Chunk::new
# Possible reasons:
#   The system is out of physical RAM or swap space
#   The process is running with CompressedOops enabled, and the Java Heap may be blocking the growth of the native heap
# Possible solutions:
#   Reduce memory load on the system
#   Increase physical memory or swap space
#   Check if swap backing store is full
#   Decrease Java heap size (-Xmx/-Xms)
#   Decrease number of Java threads
#   Decrease Java thread stack sizes (-Xss)
#   Set larger code cache with -XX:ReservedCodeCacheSize=
#   JVM is running with Zero Based Compressed Oops mode in which the Java heap is
#     placed in the first 32GB address space. The Java Heap base address is the
#     maximum limit for the native heap growth. Please use -XX:HeapBaseMinAddress
#     to set the Java Heap base and to place the Java Heap above 32GB virtual address.
# This output file may be truncated or incomplete.
#
#  Out of Memory Error (arena.cpp:195), pid=2320, tid=8468
#
# JRE version: Java(TM) SE Runtime Environment (16.0.2+7) (build 16.0.2+7-67)
# Java VM: Java HotSpot(TM) 64-Bit Server VM (16.0.2+7-67, mixed mode, sharing, tiered, compressed oops, compressed class ptrs, g1 gc, windows-amd64)
# No core dump will be written. Minidumps are not enabled by default on client versions of Windows
#

---------------  S U M M A R Y ------------

Command Line: -Dclassworlds.conf=D:\Desarrollo\apache-maven-3.8.2\bin\m2.conf -Dmaven.home=D:\Desarrollo\apache-maven-3.8.2 -Dmaven.multiModuleProjectDirectory=C:\Users\andre\Documents\Codigo\Servicios\Proyecto\MicroTravels\ShoppingService org.codehaus.plexus.classworlds.launcher.Launcher clean install

Host: AMD Ryzen 5 3500U with Radeon Vega Mobile Gfx  , 8 cores, 9G,  Windows 10 , 64 bit Build 19041 (10.0.19041.1202)
Time: Thu Sep 23 15:36:48 2021 SA Pacific Standard Time elapsed time: 1.617672 seconds (0d 0h 0m 1s)

---------------  T H R E A D  ---------------

Current thread (0x00000172097fe150):  JavaThread "C2 CompilerThread1" daemon [_thread_in_native, id=8468, stack(0x0000003907900000,0x0000003907a00000)]


Current CompileTask:
C2:   1617 1669   !   4       java.net.URL::<init> (543 bytes)

Stack: [0x0000003907900000,0x0000003907a00000]
Native frames: (J=compiled Java code, j=interpreted, Vv=VM code, C=native code)
V  [jvm.dll+0x6681ca]
V  [jvm.dll+0x7c9e69]
V  [jvm.dll+0x7cb61e]
V  [jvm.dll+0x7cbc73]
V  [jvm.dll+0x242c55]
V  [jvm.dll+0xadeba]
V  [jvm.dll+0xae45c]
V  [jvm.dll+0x35a8d7]
V  [jvm.dll+0x324de1]
V  [jvm.dll+0x32428a]
V  [jvm.dll+0x215cec]
V  [jvm.dll+0x215100]
V  [jvm.dll+0x1a1beb]
V  [jvm.dll+0x225158]
V  [jvm.dll+0x22319c]
V  [jvm.dll+0x77fa62]
V  [jvm.dll+0x7795aa]
V  [jvm.dll+0x667066]
C  [ucrtbase.dll+0x21bb2]
C  [KERNEL32.DLL+0x17034]
C  [ntdll.dll+0x52651]


---------------  P R O C E S S  ---------------

Threads class SMR info:
_java_thread_list=0x000001720a71c160, length=14, elements={
0x000001726956bce0, 0x0000017208975750, 0x0000017208977c60, 0x000001720898b7d0,
0x000001720898d3e0, 0x0000017208990690, 0x0000017208991830, 0x000001720899c2d0,
0x000001720899fd30, 0x00000172089b2b50, 0x000001720949c180, 0x00000172094a1610,
0x00000172097fe150, 0x000001720a68ac60
}

Java Threads: ( => current thread )
  0x000001726956bce0 JavaThread "main" [_thread_in_Java, id=16656, stack(0x0000003906600000,0x0000003906700000)]
  0x0000017208975750 JavaThread "Reference Handler" daemon [_thread_blocked, id=16568, stack(0x0000003906d00000,0x0000003906e00000)]
  0x0000017208977c60 JavaThread "Finalizer" daemon [_thread_blocked, id=19256, stack(0x0000003906e00000,0x0000003906f00000)]
  0x000001720898b7d0 JavaThread "Signal Dispatcher" daemon [_thread_blocked, id=16504, stack(0x0000003906f00000,0x0000003907000000)]
  0x000001720898d3e0 JavaThread "Attach Listener" daemon [_thread_blocked, id=14956, stack(0x0000003907000000,0x0000003907100000)]
  0x0000017208990690 JavaThread "Service Thread" daemon [_thread_blocked, id=4484, stack(0x0000003907100000,0x0000003907200000)]
  0x0000017208991830 JavaThread "Monitor Deflation Thread" daemon [_thread_blocked, id=13432, stack(0x0000003907200000,0x0000003907300000)]
  0x000001720899c2d0 JavaThread "C2 CompilerThread0" daemon [_thread_in_native, id=15376, stack(0x0000003907300000,0x0000003907400000)]
  0x000001720899fd30 JavaThread "C1 CompilerThread0" daemon [_thread_in_vm, id=9540, stack(0x0000003907400000,0x0000003907500000)]
  0x00000172089b2b50 JavaThread "Sweeper thread" daemon [_thread_blocked, id=15132, stack(0x0000003907500000,0x0000003907600000)]
  0x000001720949c180 JavaThread "Notification Thread" daemon [_thread_blocked, id=17568, stack(0x0000003907600000,0x0000003907700000)]
  0x00000172094a1610 JavaThread "Common-Cleaner" daemon [_thread_blocked, id=18064, stack(0x0000003907800000,0x0000003907900000)]
=>0x00000172097fe150 JavaThread "C2 CompilerThread1" daemon [_thread_in_native, id=8468, stack(0x0000003907900000,0x0000003907a00000)]
  0x000001720a68ac60 JavaThread "C2 CompilerThread2" daemon [_thread_in_native, id=16552, stack(0x0000003908100000,0x0000003908200000)]

Other Threads:
  0x0000017208970360 VMThread "VM Thread" [stack: 0x0000003906c00000,0x0000003906d00000] [id=8660]
  0x00000172094a0900 WatcherThread [stack: 0x0000003907700000,0x0000003907800000] [id=15908]
  0x00000172695a9360 GCTaskThread "GC Thread#0" [stack: 0x0000003906700000,0x0000003906800000] [id=11692]
  0x000001720896e830 GCTaskThread "GC Thread#1" [stack: 0x0000003907b00000,0x0000003907c00000] [id=12764]
  0x000001720896fda0 GCTaskThread "GC Thread#2" [stack: 0x0000003907c00000,0x0000003907d00000] [id=10244]
  0x000001720896eb40 GCTaskThread "GC Thread#3" [stack: 0x0000003907d00000,0x0000003907e00000] [id=17536]
  0x000001720896ee50 GCTaskThread "GC Thread#4" [stack: 0x0000003907e00000,0x0000003907f00000] [id=18016]
  0x000001720896f160 GCTaskThread "GC Thread#5" [stack: 0x0000003907f00000,0x0000003908000000] [id=13888]
  0x000001720896f470 GCTaskThread "GC Thread#6" [stack: 0x0000003908000000,0x0000003908100000] [id=15724]
  0x000001720896f780 GCTaskThread "GC Thread#7" [stack: 0x0000003907a00000,0x0000003907b00000] [id=15316]
  0x00000172695b42e0 ConcurrentGCThread "G1 Main Marker" [stack: 0x0000003906800000,0x0000003906900000] [id=11436]
  0x00000172695b54f0 ConcurrentGCThread "G1 Conc#0" [stack: 0x0000003906900000,0x0000003906a00000] [id=5068]
  0x0000017269644370 ConcurrentGCThread "G1 Refine#0" [stack: 0x0000003906a00000,0x0000003906b00000] [id=18184]
  0x0000017269644df0 ConcurrentGCThread "G1 Service" [stack: 0x0000003906b00000,0x0000003906c00000] [id=14656]

Threads with active compile tasks:
C2 CompilerThread0     1652 1864       4       jdk.internal.module.SystemModuleFinders$SystemModuleReader::findImageLocation (42 bytes)
C1 CompilerThread0     1652 1909       3       org.apache.maven.model.io.xpp3.MavenXpp3ReaderEx::parseDependency (750 bytes)
C2 CompilerThread1     1652 1669   !   4       java.net.URL::<init> (543 bytes)
C2 CompilerThread2     1652 1904       4       org.codehaus.plexus.util.xml.pull.MXParser::nextImpl (1202 bytes)

VM state: not at safepoint (normal execution)

VM Mutex/Monitor currently owned by a thread:  ([mutex/lock_event])
[0x0000017269567150] CompiledIC_lock - owner thread: 0x0000000000000000

Heap address: 0x0000000760c00000, size: 2548 MB, Compressed Oops mode: Zero based, Oop shift amount: 3

CDS archive(s) mapped at: [0x0000000800000000-0x0000000800bb0000-0x0000000800bb0000), size 12255232, SharedBaseAddress: 0x0000000800000000, ArchiveRelocationMode: 0.
Compressed class space mapped at: 0x0000000800c00000-0x0000000840c00000, reserved size: 1073741824
Narrow klass base: 0x0000000800000000, Narrow klass shift: 3, Narrow klass range: 0x100000000

GC Precious Log:
 CPUs: 8 total, 8 available
 Memory: 10187M
 Large Page Support: Disabled
 NUMA Support: Disabled
 Compressed Oops: Enabled (Zero based)
 Heap Region Size: 2M
 Heap Min Capacity: 8M
 Heap Initial Capacity: 160M
 Heap Max Capacity: 2548M
 Pre-touch: Disabled
 Parallel Workers: 8
 Concurrent Workers: 2
 Concurrent Refinement Workers: 8
 Periodic GC: Disabled

Heap:
 garbage-first heap   total 163840K, used 15377K [0x0000000760c00000, 0x0000000800000000)
  region size 2048K, 7 young (14336K), 1 survivors (2048K)
 Metaspace       used 11601K, committed 11776K, reserved 1064960K
  class space    used 1374K, committed 1472K, reserved 1048576K

Heap Regions: E=young(eden), S=young(survivor), O=old, HS=humongous(starts), HC=humongous(continues), CS=collection set, F=free, OA=open archive, CA=closed archive, TAMS=top-at-mark-start (previous, next)
|   0|0x0000000760c00000, 0x0000000760e00000, 0x0000000760e00000|100%| O|  |TAMS 0x0000000760c00000, 0x0000000760c00000| Untracked 
|   1|0x0000000760e00000, 0x0000000760f61600, 0x0000000761000000| 69%| O|  |TAMS 0x0000000760e00000, 0x0000000760e00000| Untracked 
|   2|0x0000000761000000, 0x0000000761000000, 0x0000000761200000|  0%| F|  |TAMS 0x0000000761000000, 0x0000000761000000| Untracked 
|   3|0x0000000761200000, 0x0000000761200000, 0x0000000761400000|  0%| F|  |TAMS 0x0000000761200000, 0x0000000761200000| Untracked 
|   4|0x0000000761400000, 0x0000000761400000, 0x0000000761600000|  0%| F|  |TAMS 0x0000000761400000, 0x0000000761400000| Untracked 
|   5|0x0000000761600000, 0x0000000761600000, 0x0000000761800000|  0%| F|  |TAMS 0x0000000761600000, 0x0000000761600000| Untracked 
|   6|0x0000000761800000, 0x0000000761800000, 0x0000000761a00000|  0%| F|  |TAMS 0x0000000761800000, 0x0000000761800000| Untracked 
|   7|0x0000000761a00000, 0x0000000761a00000, 0x0000000761c00000|  0%| F|  |TAMS 0x0000000761a00000, 0x0000000761a00000| Untracked 
|   8|0x0000000761c00000, 0x0000000761c00000, 0x0000000761e00000|  0%| F|  |TAMS 0x0000000761c00000, 0x0000000761c00000| Untracked 
|   9|0x0000000761e00000, 0x0000000761e00000, 0x0000000762000000|  0%| F|  |TAMS 0x0000000761e00000, 0x0000000761e00000| Untracked 
|  10|0x0000000762000000, 0x0000000762000000, 0x0000000762200000|  0%| F|  |TAMS 0x0000000762000000, 0x0000000762000000| Untracked 
|  11|0x0000000762200000, 0x0000000762200000, 0x0000000762400000|  0%| F|  |TAMS 0x0000000762200000, 0x0000000762200000| Untracked 
|  12|0x0000000762400000, 0x0000000762400000, 0x0000000762600000|  0%| F|  |TAMS 0x0000000762400000, 0x0000000762400000| Untracked 
|  13|0x0000000762600000, 0x0000000762600000, 0x0000000762800000|  0%| F|  |TAMS 0x0000000762600000, 0x0000000762600000| Untracked 
|  14|0x0000000762800000, 0x0000000762800000, 0x0000000762a00000|  0%| F|  |TAMS 0x0000000762800000, 0x0000000762800000| Untracked 
|  15|0x0000000762a00000, 0x0000000762a00000, 0x0000000762c00000|  0%| F|  |TAMS 0x0000000762a00000, 0x0000000762a00000| Untracked 
|  16|0x0000000762c00000, 0x0000000762c00000, 0x0000000762e00000|  0%| F|  |TAMS 0x0000000762c00000, 0x0000000762c00000| Untracked 
|  17|0x0000000762e00000, 0x0000000762e00000, 0x0000000763000000|  0%| F|  |TAMS 0x0000000762e00000, 0x0000000762e00000| Untracked 
|  18|0x0000000763000000, 0x0000000763000000, 0x0000000763200000|  0%| F|  |TAMS 0x0000000763000000, 0x0000000763000000| Untracked 
|  19|0x0000000763200000, 0x0000000763200000, 0x0000000763400000|  0%| F|  |TAMS 0x0000000763200000, 0x0000000763200000| Untracked 
|  20|0x0000000763400000, 0x0000000763400000, 0x0000000763600000|  0%| F|  |TAMS 0x0000000763400000, 0x0000000763400000| Untracked 
|  21|0x0000000763600000, 0x0000000763600000, 0x0000000763800000|  0%| F|  |TAMS 0x0000000763600000, 0x0000000763600000| Untracked 
|  22|0x0000000763800000, 0x0000000763800000, 0x0000000763a00000|  0%| F|  |TAMS 0x0000000763800000, 0x0000000763800000| Untracked 
|  23|0x0000000763a00000, 0x0000000763a00000, 0x0000000763c00000|  0%| F|  |TAMS 0x0000000763a00000, 0x0000000763a00000| Untracked 
|  24|0x0000000763c00000, 0x0000000763c00000, 0x0000000763e00000|  0%| F|  |TAMS 0x0000000763c00000, 0x0000000763c00000| Untracked 
|  25|0x0000000763e00000, 0x0000000763e00000, 0x0000000764000000|  0%| F|  |TAMS 0x0000000763e00000, 0x0000000763e00000| Untracked 
|  26|0x0000000764000000, 0x0000000764000000, 0x0000000764200000|  0%| F|  |TAMS 0x0000000764000000, 0x0000000764000000| Untracked 
|  27|0x0000000764200000, 0x0000000764200000, 0x0000000764400000|  0%| F|  |TAMS 0x0000000764200000, 0x0000000764200000| Untracked 
|  28|0x0000000764400000, 0x0000000764400000, 0x0000000764600000|  0%| F|  |TAMS 0x0000000764400000, 0x0000000764400000| Untracked 
|  29|0x0000000764600000, 0x0000000764600000, 0x0000000764800000|  0%| F|  |TAMS 0x0000000764600000, 0x0000000764600000| Untracked 
|  30|0x0000000764800000, 0x0000000764800000, 0x0000000764a00000|  0%| F|  |TAMS 0x0000000764800000, 0x0000000764800000| Untracked 
|  31|0x0000000764a00000, 0x0000000764a00000, 0x0000000764c00000|  0%| F|  |TAMS 0x0000000764a00000, 0x0000000764a00000| Untracked 
|  32|0x0000000764c00000, 0x0000000764c00000, 0x0000000764e00000|  0%| F|  |TAMS 0x0000000764c00000, 0x0000000764c00000| Untracked 
|  33|0x0000000764e00000, 0x0000000764e00000, 0x0000000765000000|  0%| F|  |TAMS 0x0000000764e00000, 0x0000000764e00000| Untracked 
|  34|0x0000000765000000, 0x0000000765000000, 0x0000000765200000|  0%| F|  |TAMS 0x0000000765000000, 0x0000000765000000| Untracked 
|  35|0x0000000765200000, 0x0000000765200000, 0x0000000765400000|  0%| F|  |TAMS 0x0000000765200000, 0x0000000765200000| Untracked 
|  36|0x0000000765400000, 0x0000000765400000, 0x0000000765600000|  0%| F|  |TAMS 0x0000000765400000, 0x0000000765400000| Untracked 
|  37|0x0000000765600000, 0x0000000765600000, 0x0000000765800000|  0%| F|  |TAMS 0x0000000765600000, 0x0000000765600000| Untracked 
|  38|0x0000000765800000, 0x0000000765800000, 0x0000000765a00000|  0%| F|  |TAMS 0x0000000765800000, 0x0000000765800000| Untracked 
|  39|0x0000000765a00000, 0x0000000765a00000, 0x0000000765c00000|  0%| F|  |TAMS 0x0000000765a00000, 0x0000000765a00000| Untracked 
|  40|0x0000000765c00000, 0x0000000765c00000, 0x0000000765e00000|  0%| F|  |TAMS 0x0000000765c00000, 0x0000000765c00000| Untracked 
|  41|0x0000000765e00000, 0x0000000765e00000, 0x0000000766000000|  0%| F|  |TAMS 0x0000000765e00000, 0x0000000765e00000| Untracked 
|  42|0x0000000766000000, 0x0000000766000000, 0x0000000766200000|  0%| F|  |TAMS 0x0000000766000000, 0x0000000766000000| Untracked 
|  43|0x0000000766200000, 0x0000000766200000, 0x0000000766400000|  0%| F|  |TAMS 0x0000000766200000, 0x0000000766200000| Untracked 
|  44|0x0000000766400000, 0x0000000766400000, 0x0000000766600000|  0%| F|  |TAMS 0x0000000766400000, 0x0000000766400000| Untracked 
|  45|0x0000000766600000, 0x0000000766600000, 0x0000000766800000|  0%| F|  |TAMS 0x0000000766600000, 0x0000000766600000| Untracked 
|  46|0x0000000766800000, 0x0000000766800000, 0x0000000766a00000|  0%| F|  |TAMS 0x0000000766800000, 0x0000000766800000| Untracked 
|  47|0x0000000766a00000, 0x0000000766a00000, 0x0000000766c00000|  0%| F|  |TAMS 0x0000000766a00000, 0x0000000766a00000| Untracked 
|  48|0x0000000766c00000, 0x0000000766c00000, 0x0000000766e00000|  0%| F|  |TAMS 0x0000000766c00000, 0x0000000766c00000| Untracked 
|  49|0x0000000766e00000, 0x0000000766e00000, 0x0000000767000000|  0%| F|  |TAMS 0x0000000766e00000, 0x0000000766e00000| Untracked 
|  50|0x0000000767000000, 0x0000000767000000, 0x0000000767200000|  0%| F|  |TAMS 0x0000000767000000, 0x0000000767000000| Untracked 
|  51|0x0000000767200000, 0x0000000767200000, 0x0000000767400000|  0%| F|  |TAMS 0x0000000767200000, 0x0000000767200000| Untracked 
|  52|0x0000000767400000, 0x0000000767400000, 0x0000000767600000|  0%| F|  |TAMS 0x0000000767400000, 0x0000000767400000| Untracked 
|  53|0x0000000767600000, 0x0000000767600000, 0x0000000767800000|  0%| F|  |TAMS 0x0000000767600000, 0x0000000767600000| Untracked 
|  54|0x0000000767800000, 0x0000000767800000, 0x0000000767a00000|  0%| F|  |TAMS 0x0000000767800000, 0x0000000767800000| Untracked 
|  55|0x0000000767a00000, 0x0000000767a00000, 0x0000000767c00000|  0%| F|  |TAMS 0x0000000767a00000, 0x0000000767a00000| Untracked 
|  56|0x0000000767c00000, 0x0000000767c00000, 0x0000000767e00000|  0%| F|  |TAMS 0x0000000767c00000, 0x0000000767c00000| Untracked 
|  57|0x0000000767e00000, 0x0000000767e00000, 0x0000000768000000|  0%| F|  |TAMS 0x0000000767e00000, 0x0000000767e00000| Untracked 
|  58|0x0000000768000000, 0x0000000768000000, 0x0000000768200000|  0%| F|  |TAMS 0x0000000768000000, 0x0000000768000000| Untracked 
|  59|0x0000000768200000, 0x0000000768200000, 0x0000000768400000|  0%| F|  |TAMS 0x0000000768200000, 0x0000000768200000| Untracked 
|  60|0x0000000768400000, 0x0000000768400000, 0x0000000768600000|  0%| F|  |TAMS 0x0000000768400000, 0x0000000768400000| Untracked 
|  61|0x0000000768600000, 0x0000000768600000, 0x0000000768800000|  0%| F|  |TAMS 0x0000000768600000, 0x0000000768600000| Untracked 
|  62|0x0000000768800000, 0x0000000768800000, 0x0000000768a00000|  0%| F|  |TAMS 0x0000000768800000, 0x0000000768800000| Untracked 
|  63|0x0000000768a00000, 0x0000000768ba30b0, 0x0000000768c00000| 81%| S|CS|TAMS 0x0000000768a00000, 0x0000000768a00000| Complete 
|  64|0x0000000768c00000, 0x0000000768c00000, 0x0000000768e00000|  0%| F|  |TAMS 0x0000000768c00000, 0x0000000768c00000| Untracked 
|  65|0x0000000768e00000, 0x0000000768e00000, 0x0000000769000000|  0%| F|  |TAMS 0x0000000768e00000, 0x0000000768e00000| Untracked 
|  66|0x0000000769000000, 0x0000000769000000, 0x0000000769200000|  0%| F|  |TAMS 0x0000000769000000, 0x0000000769000000| Untracked 
|  67|0x0000000769200000, 0x0000000769200000, 0x0000000769400000|  0%| F|  |TAMS 0x0000000769200000, 0x0000000769200000| Untracked 
|  68|0x0000000769400000, 0x0000000769400000, 0x0000000769600000|  0%| F|  |TAMS 0x0000000769400000, 0x0000000769400000| Untracked 
|  69|0x0000000769600000, 0x0000000769600000, 0x0000000769800000|  0%| F|  |TAMS 0x0000000769600000, 0x0000000769600000| Untracked 
|  70|0x0000000769800000, 0x0000000769800000, 0x0000000769a00000|  0%| F|  |TAMS 0x0000000769800000, 0x0000000769800000| Untracked 
|  71|0x0000000769a00000, 0x0000000769a00000, 0x0000000769c00000|  0%| F|  |TAMS 0x0000000769a00000, 0x0000000769a00000| Untracked 
|  72|0x0000000769c00000, 0x0000000769c00000, 0x0000000769e00000|  0%| F|  |TAMS 0x0000000769c00000, 0x0000000769c00000| Untracked 
|  73|0x0000000769e00000, 0x0000000769e00000, 0x000000076a000000|  0%| F|  |TAMS 0x0000000769e00000, 0x0000000769e00000| Untracked 
|  74|0x000000076a000000, 0x000000076a100800, 0x000000076a200000| 50%| E|  |TAMS 0x000000076a000000, 0x000000076a000000| Complete 
|  75|0x000000076a200000, 0x000000076a400000, 0x000000076a400000|100%| E|CS|TAMS 0x000000076a200000, 0x000000076a200000| Complete 
|  76|0x000000076a400000, 0x000000076a600000, 0x000000076a600000|100%| E|CS|TAMS 0x000000076a400000, 0x000000076a400000| Complete 
|  77|0x000000076a600000, 0x000000076a800000, 0x000000076a800000|100%| E|CS|TAMS 0x000000076a600000, 0x000000076a600000| Complete 
|  78|0x000000076a800000, 0x000000076aa00000, 0x000000076aa00000|100%| E|CS|TAMS 0x000000076a800000, 0x000000076a800000| Complete 
|  79|0x000000076aa00000, 0x000000076ac00000, 0x000000076ac00000|100%| E|CS|TAMS 0x000000076aa00000, 0x000000076aa00000| Complete 

Card table byte_map: [0x0000017200610000,0x0000017200b10000] _byte_map_base: 0x00000171fcb0a000

Marking Bits (Prev, Next): (CMBitMap*) 0x00000172695a99d0, (CMBitMap*) 0x00000172695a9a10
 Prev Bits: [0x0000017201010000, 0x00000172037e0000)
 Next Bits: [0x00000172037e0000, 0x0000017205fb0000)

Polling page: 0x00000172674b0000

Metaspace:

Usage:
  Non-class:      9.99 MB used.
      Class:      1.34 MB used.
       Both:     11.33 MB used.

Virtual space:
  Non-class space:       16.00 MB reserved,      10.06 MB ( 63%) committed,  2 nodes.
      Class space:        1.00 GB reserved,       1.44 MB ( <1%) committed,  1 nodes.
              Both:        1.02 GB reserved,      11.50 MB (  1%) committed. 

Chunk freelists:
   Non-Class:  544.00 KB
       Class:  2.59 MB
        Both:  3.12 MB

MaxMetaspaceSize: 17179869184.00 GB
CompressedClassSpaceSize: 1.00 GB
 - commit_granule_bytes: 65536.
 - commit_granule_words: 8192.
 - virtual_space_node_default_size: 1048576.
 - enlarge_chunks_in_place: 1.
 - new_chunks_are_fully_committed: 0.
 - uncommit_free_chunks: 1.
 - use_allocation_guard: 0.
 - handle_deallocations: 1.


Internal statistics:

num_allocs_failed_limit: 0.
num_arena_births: 56.
num_arena_deaths: 0.
num_vsnodes_births: 3.
num_vsnodes_deaths: 0.
num_space_committed: 184.
num_space_uncommitted: 0.
num_chunks_returned_to_freelist: 0.
num_chunks_taken_from_freelist: 431.
num_chunk_merges: 0.
num_chunk_splits: 325.
num_chunks_enlarged: 263.
num_purges: 0.

CodeHeap 'non-profiled nmethods': size=120000Kb used=787Kb max_used=787Kb free=119212Kb
 bounds [0x00000172787c0000, 0x0000017278a30000, 0x000001727fcf0000]
CodeHeap 'profiled nmethods': size=120000Kb used=3713Kb max_used=3713Kb free=116286Kb
 bounds [0x0000017271290000, 0x0000017271640000, 0x00000172787c0000]
CodeHeap 'non-nmethods': size=5760Kb used=1183Kb max_used=1206Kb free=4576Kb
 bounds [0x0000017270cf0000, 0x0000017270f60000, 0x0000017271290000]
 total_blobs=2372 nmethods=1903 adapters=381
 compilation: enabled
              stopped_count=0, restarted_count=0
 full_count=0

Compilation events (20 events):
Event: 1.553 Thread 0x000001720899c2d0 nmethod 1861 0x0000017278882a10 code [0x0000017278882ba0, 0x0000017278882c98]
Event: 1.569 Thread 0x000001720899c2d0 1864       4       jdk.internal.module.SystemModuleFinders$SystemModuleReader::findImageLocation (42 bytes)
Event: 1.569 Thread 0x000001720899fd30 1865       2       jdk.internal.module.SystemModuleFinders$SystemImage::reader (4 bytes)
Event: 1.569 Thread 0x000001720899fd30 nmethod 1865 0x0000017271617710 code [0x00000172716178a0, 0x0000017271617998]
Event: 1.569 Thread 0x000001720899fd30 1866       2       jdk.internal.jimage.ImageReader::findLocation (14 bytes)
Event: 1.569 Thread 0x000001720899fd30 nmethod 1866 0x0000017271617a10 code [0x0000017271617bc0, 0x0000017271617dd8]
Event: 1.569 Thread 0x000001720899fd30 1868       1       jdk.internal.loader.URLClassPath$JarLoader$2::getURL (5 bytes)
Event: 1.569 Thread 0x000001720899fd30 nmethod 1868 0x0000017278883190 code [0x0000017278883320, 0x00000172788833f8]
Event: 1.581 Thread 0x000001720899fd30 1869       3       java.util.regex.Pattern::isSupplementary (21 bytes)
Event: 1.581 Thread 0x000001720899fd30 nmethod 1869 0x0000017271617f10 code [0x00000172716180c0, 0x0000017271618338]
Event: 1.581 Thread 0x000001720899fd30 1870       3       java.lang.String::codePointAt (50 bytes)
Event: 1.582 Thread 0x000001720899fd30 nmethod 1870 0x0000017271618410 code [0x0000017271618600, 0x00000172716189a8]
Event: 1.590 Thread 0x000001720899fd30 1871       3       java.lang.Character::codePointBefore (48 bytes)
Event: 1.591 Thread 0x000001720899fd30 nmethod 1871 0x0000017271618b90 code [0x0000017271618d80, 0x0000017271619358]
Event: 1.608 Thread 0x000001720899fd30 1872   !   3       sun.nio.fs.WindowsPath::initOffsets (153 bytes)
Event: 1.611 Thread 0x000001720899fd30 nmethod 1872 0x0000017271619510 code [0x0000017271619920, 0x000001727161bf78]
Event: 1.611 Thread 0x000001720899fd30 1874       3       java.lang.AbstractStringBuilder::append (45 bytes)
Event: 1.611 Thread 0x000001720899fd30 nmethod 1874 0x000001727161cd10 code [0x000001727161cf00, 0x000001727161d248]
Event: 1.611 Thread 0x000001720899fd30 1873       3       org.apache.maven.model.io.xpp3.MavenXpp3ReaderEx::checkFieldWithDuplicate (75 bytes)
Event: 1.613 Thread 0x000001720899fd30 nmethod 1873 0x000001727161d410 code [0x000001727161d6c0, 0x000001727161e118]

GC Heap History (4 events):
Event: 0.735 GC heap before
{Heap before GC invocations=0 (full 0):
 garbage-first heap   total 163840K, used 22528K [0x0000000760c00000, 0x0000000800000000)
  region size 2048K, 11 young (22528K), 0 survivors (0K)
 Metaspace       used 4971K, committed 5120K, reserved 1056768K
  class space    used 567K, committed 640K, reserved 1048576K
}
Event: 0.741 GC heap after
{Heap after GC invocations=1 (full 0):
 garbage-first heap   total 163840K, used 3628K [0x0000000760c00000, 0x0000000800000000)
  region size 2048K, 2 young (4096K), 2 survivors (4096K)
 Metaspace       used 4971K, committed 5120K, reserved 1056768K
  class space    used 567K, committed 640K, reserved 1048576K
}
Event: 1.313 GC heap before
{Heap before GC invocations=1 (full 0):
 garbage-first heap   total 163840K, used 32300K [0x0000000760c00000, 0x0000000800000000)
  region size 2048K, 16 young (32768K), 2 survivors (4096K)
 Metaspace       used 9334K, committed 9536K, reserved 1064960K
  class space    used 1123K, committed 1216K, reserved 1048576K
}
Event: 1.321 GC heap after
{Heap after GC invocations=2 (full 0):
 garbage-first heap   total 163840K, used 5137K [0x0000000760c00000, 0x0000000800000000)
  region size 2048K, 1 young (2048K), 1 survivors (2048K)
 Metaspace       used 9334K, committed 9536K, reserved 1064960K
  class space    used 1123K, committed 1216K, reserved 1048576K
}

Deoptimization events (20 events):
Event: 1.569 Thread 0x000001726956bce0 Uncommon trap: trap_request=0xffffffbe fr.pc=0x00000172788542ec relative=0x000000000000202c
Event: 1.569 Thread 0x000001726956bce0 Uncommon trap: reason=profile_predicate action=maybe_recompile pc=0x00000172788542ec method=jdk.internal.jimage.ImageStringsReader.charsFromByteBuffer([CLjava/nio/ByteBuffer;)V @ 6 c2
Event: 1.569 Thread 0x000001726956bce0 DEOPT PACKING pc=0x00000172788542ec sp=0x00000039066fd810
Event: 1.569 Thread 0x000001726956bce0 DEOPT UNPACKING pc=0x0000017270d3d72e sp=0x00000039066fd4f0 mode 2
Event: 1.580 Thread 0x000001726956bce0 Uncommon trap: trap_request=0xffffff45 fr.pc=0x0000017278876ab8 relative=0x00000000000009f8
Event: 1.580 Thread 0x000001726956bce0 Uncommon trap: reason=unstable_if action=reinterpret pc=0x0000017278876ab8 method=sun.net.util.IPAddressUtil.scan(Ljava/lang/String;JJ[C)I @ 14 c2
Event: 1.580 Thread 0x000001726956bce0 DEOPT PACKING pc=0x0000017278876ab8 sp=0x00000039066fd910
Event: 1.580 Thread 0x000001726956bce0 DEOPT UNPACKING pc=0x0000017270d3d72e sp=0x00000039066fd790 mode 2
Event: 1.581 Thread 0x000001726956bce0 Uncommon trap: trap_request=0xffffff45 fr.pc=0x0000017278874764 relative=0x0000000000000044
Event: 1.581 Thread 0x000001726956bce0 Uncommon trap: reason=unstable_if action=reinterpret pc=0x0000017278874764 method=sun.net.util.IPAddressUtil.scan(Ljava/lang/String;JJ[C)I @ 14 c2
Event: 1.581 Thread 0x000001726956bce0 DEOPT PACKING pc=0x0000017278874764 sp=0x00000039066fd890
Event: 1.581 Thread 0x000001726956bce0 DEOPT UNPACKING pc=0x0000017270d3d72e sp=0x00000039066fd778 mode 2
Event: 1.607 Thread 0x000001726956bce0 Uncommon trap: trap_request=0xffffff45 fr.pc=0x00000172787eb5ec relative=0x000000000000062c
Event: 1.607 Thread 0x000001726956bce0 Uncommon trap: reason=unstable_if action=reinterpret pc=0x00000172787eb5ec method=java.lang.AbstractStringBuilder.append(Ljava/lang/String;)Ljava/lang/AbstractStringBuilder; @ 1 c2
Event: 1.607 Thread 0x000001726956bce0 DEOPT PACKING pc=0x00000172787eb5ec sp=0x00000039066fd8c0
Event: 1.607 Thread 0x000001726956bce0 DEOPT UNPACKING pc=0x0000017270d3d72e sp=0x00000039066fd840 mode 2
Event: 1.607 Thread 0x000001726956bce0 Uncommon trap: trap_request=0xffffff45 fr.pc=0x00000172787e9200 relative=0x0000000000000640
Event: 1.607 Thread 0x000001726956bce0 Uncommon trap: reason=unstable_if action=reinterpret pc=0x00000172787e9200 method=java.lang.AbstractStringBuilder.append(Ljava/lang/String;)Ljava/lang/AbstractStringBuilder; @ 1 c2
Event: 1.607 Thread 0x000001726956bce0 DEOPT PACKING pc=0x00000172787e9200 sp=0x00000039066fd860
Event: 1.607 Thread 0x000001726956bce0 DEOPT UNPACKING pc=0x0000017270d3d72e sp=0x00000039066fd848 mode 2

Classes unloaded (0 events):
No events

Classes redefined (0 events):
No events

Internal exceptions (17 events):
Event: 0.214 Thread 0x000001726956bce0 Exception <a 'java/lang/NullPointerException'{0x000000076a637048}> (0x000000076a637048) 
thrown [t:\workspace\open\src\hotspot\share\interpreter\linkResolver.cpp, line 1385]
Event: 0.264 Thread 0x000001726956bce0 Exception <a 'java/lang/NullPointerException'{0x000000076a6f2fa0}> (0x000000076a6f2fa0) 
thrown [t:\workspace\open\src\hotspot\share\interpreter\linkResolver.cpp, line 1385]
Event: 0.264 Thread 0x000001726956bce0 Exception <a 'java/lang/NullPointerException'{0x000000076a6f3278}> (0x000000076a6f3278) 
thrown [t:\workspace\open\src\hotspot\share\interpreter\linkResolver.cpp, line 1385]
Event: 0.264 Thread 0x000001726956bce0 Exception <a 'java/lang/NullPointerException'{0x000000076a6f3550}> (0x000000076a6f3550) 
thrown [t:\workspace\open\src\hotspot\share\interpreter\linkResolver.cpp, line 1385]
Event: 0.265 Thread 0x000001726956bce0 Exception <a 'java/lang/NullPointerException'{0x000000076a6f9060}> (0x000000076a6f9060) 
thrown [t:\workspace\open\src\hotspot\share\interpreter\linkResolver.cpp, line 1385]
Event: 0.268 Thread 0x000001726956bce0 Exception <a 'java/lang/NullPointerException'{0x000000076a70edc0}> (0x000000076a70edc0) 
thrown [t:\workspace\open\src\hotspot\share\interpreter\linkResolver.cpp, line 1385]
Event: 0.269 Thread 0x000001726956bce0 Exception <a 'java/lang/NullPointerException'{0x000000076a70f098}> (0x000000076a70f098) 
thrown [t:\workspace\open\src\hotspot\share\interpreter\linkResolver.cpp, line 1385]
Event: 0.269 Thread 0x000001726956bce0 Exception <a 'java/lang/NullPointerException'{0x000000076a70f370}> (0x000000076a70f370) 
thrown [t:\workspace\open\src\hotspot\share\interpreter\linkResolver.cpp, line 1385]
Event: 0.269 Thread 0x000001726956bce0 Exception <a 'java/lang/NullPointerException'{0x000000076a70f648}> (0x000000076a70f648) 
thrown [t:\workspace\open\src\hotspot\share\interpreter\linkResolver.cpp, line 1385]
Event: 0.456 Thread 0x000001726956bce0 Exception <a 'java/lang/NoSuchMethodError'{0x000000076a03b0f8}: 'void java.lang.invoke.DirectMethodHandle$Holder.invokeSpecial(java.lang.Object, java.lang.Object, java.lang.Object)'> (0x000000076a03b0f8) 
thrown [t:\workspace\open\src\hotspot\share\interpreter\linkResolver.cpp, line 790]
Event: 0.602 Thread 0x000001726956bce0 Exception <a 'java/lang/NoSuchMethodError'{0x0000000769d23fe8}: 'java.lang.Object java.lang.invoke.DirectMethodHandle$Holder.newInvokeSpecial(java.lang.Object, java.lang.Object, java.lang.Object, java.lang.Object, java.lang.Object)'> (0x0000000769d23fe8) 
thrown [t:\workspace\open\src\hotspot\share\interpreter\linkResolver.cpp, line 790]
Event: 1.419 Thread 0x000001726956bce0 Exception <a 'java/lang/NoClassDefFoundError'{0x000000076a9d9840}: com/google/inject/servlet/ServletModuleTargetVisitor> (0x000000076a9d9840) 
thrown [t:\workspace\open\src\hotspot\share\classfile\systemDictionary.cpp, line 245]
Event: 1.419 Thread 0x000001726956bce0 Exception <a 'java/lang/NoClassDefFoundError'{0x000000076a9db140}: javax/annotation/Priority> (0x000000076a9db140) 
thrown [t:\workspace\open\src\hotspot\share\classfile\systemDictionary.cpp, line 245]
Event: 1.485 Thread 0x000001726956bce0 Exception <a 'java/lang/NoSuchMethodError'{0x000000076a723b30}: 'java.lang.Object java.lang.invoke.DirectMethodHandle$Holder.invokeStatic(java.lang.Object)'> (0x000000076a723b30) 
thrown [t:\workspace\open\src\hotspot\share\interpreter\linkResolver.cpp, line 790]
Event: 1.488 Thread 0x000001726956bce0 Exception <a 'java/lang/NoSuchMethodError'{0x000000076a72ec38}: 'java.lang.Object java.lang.invoke.DirectMethodHandle$Holder.invokeStaticInit(java.lang.Object, int, int, int, int)'> (0x000000076a72ec38) 
thrown [t:\workspace\open\src\hotspot\share\interpreter\linkResolver.cpp, line 790]
Event: 1.607 Thread 0x000001726956bce0 Implicit null exception at 0x00000172787eaff2 to 0x00000172787eb5d4
Event: 1.607 Thread 0x000001726956bce0 Implicit null exception at 0x00000172787e8bf2 to 0x00000172787e91e8

Events (20 events):
Event: 1.503 Executing  VM operation: HandshakeAllThreads
Event: 1.503 Executing  VM operation: HandshakeAllThreads done
Event: 1.541 loading class java/lang/ProcessEnvironment$CheckedKeySet
Event: 1.542 loading class java/lang/ProcessEnvironment$CheckedKeySet done
Event: 1.542 loading class java/util/Stack
Event: 1.542 loading class java/util/Stack done
Event: 1.579 loading class java/net/URL$2
Event: 1.579 loading class java/net/URL$2 done
Event: 1.579 loading class java/net/URL$1
Event: 1.579 loading class java/net/URL$1 done
Event: 1.579 loading class java/net/spi/URLStreamHandlerProvider
Event: 1.579 loading class java/net/spi/URLStreamHandlerProvider done
Event: 1.579 loading class sun/net/www/protocol/https/Handler
Event: 1.579 loading class sun/net/www/protocol/http/Handler
Event: 1.579 loading class sun/net/www/protocol/http/Handler done
Event: 1.580 Executing  VM operation: HandshakeAllThreads
Event: 1.580 Executing  VM operation: HandshakeAllThreads done
Event: 1.580 loading class sun/net/www/protocol/https/Handler done
Event: 1.581 loading class java/util/regex/Pattern$Pos
Event: 1.581 loading class java/util/regex/Pattern$Pos done


Dynamic libraries:
0x00007ff730fb0000 - 0x00007ff730fc0000 	C:\Program Files\Java\jdk-16.0.2\bin\java.exe
0x00007ffd3bc10000 - 0x00007ffd3be05000 	C:\WINDOWS\SYSTEM32\ntdll.dll
0x00007ffd3ac50000 - 0x00007ffd3ad0e000 	C:\WINDOWS\System32\KERNEL32.DLL
0x00007ffd39680000 - 0x00007ffd39949000 	C:\WINDOWS\System32\KERNELBASE.dll
0x00007ffd39b60000 - 0x00007ffd39c60000 	C:\WINDOWS\System32\ucrtbase.dll
0x00007ffd1aac0000 - 0x00007ffd1aad9000 	C:\Program Files\Java\jdk-16.0.2\bin\VCRUNTIME140.dll
0x00007ffd1a280000 - 0x00007ffd1a298000 	C:\Program Files\Java\jdk-16.0.2\bin\jli.dll
0x00007ffd3b7a0000 - 0x00007ffd3b84c000 	C:\WINDOWS\System32\ADVAPI32.dll
0x00007ffd39c60000 - 0x00007ffd39cfe000 	C:\WINDOWS\System32\msvcrt.dll
0x00007ffd39eb0000 - 0x00007ffd39f4b000 	C:\WINDOWS\System32\sechost.dll
0x00007ffd3b8d0000 - 0x00007ffd3b9fa000 	C:\WINDOWS\System32\RPCRT4.dll
0x00007ffd39d00000 - 0x00007ffd39ea1000 	C:\WINDOWS\System32\USER32.dll
0x00007ffd27b40000 - 0x00007ffd27dda000 	C:\WINDOWS\WinSxS\amd64_microsoft.windows.common-controls_6595b64144ccf1df_6.0.19041.1110_none_60b5254171f9507e\COMCTL32.dll
0x00007ffd39380000 - 0x00007ffd393a2000 	C:\WINDOWS\System32\win32u.dll
0x00007ffd3ac20000 - 0x00007ffd3ac4b000 	C:\WINDOWS\System32\GDI32.dll
0x00007ffd39480000 - 0x00007ffd3958b000 	C:\WINDOWS\System32\gdi32full.dll
0x00007ffd393e0000 - 0x00007ffd3947d000 	C:\WINDOWS\System32\msvcp_win.dll
0x00007ffd312d0000 - 0x00007ffd312da000 	C:\WINDOWS\SYSTEM32\VERSION.dll
0x00007ffd3bb40000 - 0x00007ffd3bb70000 	C:\WINDOWS\System32\IMM32.DLL
0x00007ffd1f870000 - 0x00007ffd1f87c000 	C:\Program Files\Java\jdk-16.0.2\bin\vcruntime140_1.dll
0x00007ffcee960000 - 0x00007ffcee9f1000 	C:\Program Files\Java\jdk-16.0.2\bin\msvcp140.dll
0x00007ffcc18c0000 - 0x00007ffcc246b000 	C:\Program Files\Java\jdk-16.0.2\bin\server\jvm.dll
0x00007ffd3b8c0000 - 0x00007ffd3b8c8000 	C:\WINDOWS\System32\PSAPI.DLL
0x00007ffd2fae0000 - 0x00007ffd2fb07000 	C:\WINDOWS\SYSTEM32\WINMM.dll
0x00007ffd279b0000 - 0x00007ffd279b9000 	C:\WINDOWS\SYSTEM32\WSOCK32.dll
0x00007ffd3b850000 - 0x00007ffd3b8bb000 	C:\WINDOWS\System32\WS2_32.dll
0x00007ffd37150000 - 0x00007ffd37162000 	C:\WINDOWS\SYSTEM32\kernel.appcore.dll
0x00007ffd1e1e0000 - 0x00007ffd1e1ea000 	C:\Program Files\Java\jdk-16.0.2\bin\jimage.dll
0x00007ffd29820000 - 0x00007ffd29a04000 	C:\WINDOWS\SYSTEM32\DBGHELP.DLL
0x00007ffd295e0000 - 0x00007ffd2960c000 	C:\WINDOWS\SYSTEM32\dbgcore.DLL
0x00007ffd39590000 - 0x00007ffd39613000 	C:\WINDOWS\System32\bcryptPrimitives.dll
0x00007ffd14020000 - 0x00007ffd14045000 	C:\Program Files\Java\jdk-16.0.2\bin\java.dll
0x00007ffd3ad10000 - 0x00007ffd3b44f000 	C:\WINDOWS\System32\SHELL32.dll
0x00007ffd37430000 - 0x00007ffd37bc0000 	C:\WINDOWS\SYSTEM32\windows.storage.dll
0x00007ffd3a860000 - 0x00007ffd3abb5000 	C:\WINDOWS\System32\combase.dll
0x00007ffd38cb0000 - 0x00007ffd38cdc000 	C:\WINDOWS\SYSTEM32\Wldp.dll
0x00007ffd39ff0000 - 0x00007ffd3a09e000 	C:\WINDOWS\System32\SHCORE.dll
0x00007ffd3bb70000 - 0x00007ffd3bbc5000 	C:\WINDOWS\System32\shlwapi.dll
0x00007ffd39270000 - 0x00007ffd3928f000 	C:\WINDOWS\SYSTEM32\profapi.dll
0x00007ffd18440000 - 0x00007ffd18459000 	C:\Program Files\Java\jdk-16.0.2\bin\net.dll
0x00007ffd2d950000 - 0x00007ffd2da58000 	C:\WINDOWS\SYSTEM32\WINHTTP.dll
0x00007ffd38a10000 - 0x00007ffd38a7a000 	C:\WINDOWS\system32\mswsock.dll
0x00007ffd152e0000 - 0x00007ffd152f3000 	C:\Program Files\Java\jdk-16.0.2\bin\nio.dll
0x00007ffd15130000 - 0x00007ffd15148000 	C:\Program Files\Java\jdk-16.0.2\bin\zip.dll
0x0000000069ac0000 - 0x0000000069ae4000 	C:\Users\andre\AppData\Local\Temp\jansi-2.3.4-34ead950d6c94d33-jansi.dll
0x00007ffd1c5e0000 - 0x00007ffd1c5f0000 	C:\Program Files\Java\jdk-16.0.2\bin\verify.dll

dbghelp: loaded successfully - version: 4.0.5 - missing functions: none
symbol engine: initialized successfully - sym options: 0x614 - pdb path: .;C:\Program Files\Java\jdk-16.0.2\bin;C:\WINDOWS\SYSTEM32;C:\WINDOWS\WinSxS\amd64_microsoft.windows.common-controls_6595b64144ccf1df_6.0.19041.1110_none_60b5254171f9507e;C:\Program Files\Java\jdk-16.0.2\bin\server;C:\Users\andre\AppData\Local\Temp

VM Arguments:
jvm_args: -Dclassworlds.conf=D:\Desarrollo\apache-maven-3.8.2\bin\m2.conf -Dmaven.home=D:\Desarrollo\apache-maven-3.8.2 -Dmaven.multiModuleProjectDirectory=C:\Users\andre\Documents\Codigo\Servicios\Proyecto\MicroTravels\ShoppingService 
java_command: org.codehaus.plexus.classworlds.launcher.Launcher clean install
java_class_path (initial): D:\Desarrollo\apache-maven-3.8.2\boot\plexus-classworlds-2.6.0.jar
Launcher Type: SUN_STANDARD

[Global flags]
     intx CICompilerCount                          = 4                                         {product} {ergonomic}
     uint ConcGCThreads                            = 2                                         {product} {ergonomic}
     uint G1ConcRefinementThreads                  = 8                                         {product} {ergonomic}
   size_t G1HeapRegionSize                         = 2097152                                   {product} {ergonomic}
    uintx GCDrainStackTargetSize                   = 64                                        {product} {ergonomic}
   size_t InitialHeapSize                          = 167772160                                 {product} {ergonomic}
   size_t MarkStackSize                            = 4194304                                   {product} {ergonomic}
   size_t MaxHeapSize                              = 2671771648                                {product} {ergonomic}
   size_t MaxNewSize                               = 1602224128                                {product} {ergonomic}
   size_t MinHeapDeltaBytes                        = 2097152                                   {product} {ergonomic}
   size_t MinHeapSize                              = 8388608                                   {product} {ergonomic}
    uintx NonNMethodCodeHeapSize                   = 5839372                                {pd product} {ergonomic}
    uintx NonProfiledCodeHeapSize                  = 122909434                              {pd product} {ergonomic}
    uintx ProfiledCodeHeapSize                     = 122909434                              {pd product} {ergonomic}
    uintx ReservedCodeCacheSize                    = 251658240                              {pd product} {ergonomic}
     bool SegmentedCodeCache                       = true                                      {product} {ergonomic}
   size_t SoftMaxHeapSize                          = 2671771648                             {manageable} {ergonomic}
     bool UseCompressedClassPointers               = true                           {product lp64_product} {ergonomic}
     bool UseCompressedOops                        = true                           {product lp64_product} {ergonomic}
     bool UseG1GC                                  = true                                      {product} {ergonomic}
     bool UseLargePagesIndividualAllocation        = false                                  {pd product} {ergonomic}

Logging:
Log output configuration:
 #0: stdout all=warning uptime,level,tags
 #1: stderr all=off uptime,level,tags

Environment Variables:
PATH=D:\OracleXE\dbhomeXE\bin;C:\Program Files\Common Files\Oracle\Java\javapath;C:\ProgramData\Oracle\Java\javapath;C:\Program Files (x86)\NVIDIA Corporation\PhysX\Common;C:\Program Files (x86)\Common Files\Oracle\Java\javapath;C:\WINDOWS\system32;C:\WINDOWS;C:\WINDOWS\System32\Wbem;C:\WINDOWS\System32\WindowsPowerShell\v1.0\;C:\WINDOWS\System32\OpenSSH\;C:\Program Files\dotnet\;D:\Git\cmd;D:\NodeJs\;D:\Desarrollo\apache-maven-3.8.2\bin;C:\Users\andre\AppData\Local\Microsoft\WindowsApps;C:\Users\andre\.dotnet\tools;C:\Users\andre\AppData\Local\Programs\Microsoft VS Code\bin;C:\Users\andre\AppData\Roaming\npm;D:\IntelliJ\IntelliJ IDEA Community Edition 2021.2.1\bin;
USERNAME=andre
LANG=en_US.UTF-8
OS=Windows_NT
PROCESSOR_IDENTIFIER=AMD64 Family 23 Model 24 Stepping 1, AuthenticAMD



---------------  S Y S T E M  ---------------

OS:
 Windows 10 , 64 bit Build 19041 (10.0.19041.1202)
OS uptime: 3 days 1:48 hours

CPU: total 8 (initial active 8) (8 cores per cpu, 2 threads per core) family 23 model 24 stepping 1 microcode 0x0, cx8, cmov, fxsr, ht, mmx, 3dnowpref, sse, sse2, sse3, ssse3, sse4a, sse4.1, sse4.2, popcnt, lzcnt, tsc, tscinvbit, avx, avx2, aes, clmul, bmi1, bmi2, adx, sha, fma, vzeroupper, clflush, clflushopt

Memory: 4k page, system-wide physical 10187M (2460M free)
TotalPageFile size 10187M (AvailPageFile size 5M)
current process WorkingSet (physical memory assigned to process): 108M, peak: 108M
current process commit charge ("private bytes"): 280M, peak: 280M

vm_info: Java HotSpot(TM) 64-Bit Server VM (16.0.2+7-67) for windows-amd64 JRE (16.0.2+7-67), built on Jun  8 2021 23:24:19 by "mach5one" with MS VC++ 16.7 (VS2019)

END.
