#
# There is insufficient memory for the Java Runtime Environment to continue.
# Native memory allocation (malloc) failed to allocate 77296 bytes for Chunk::new
# Possible reasons:
#   The system is out of physical RAM or swap space
#   The process is running with CompressedOops enabled, and the Java Heap may be blocking the growth of the native heap
# Possible solutions:
#   Reduce memory load on the system
#   Increase physical memory or swap space
#   Check if swap backing store is full
#   Decrease Java heap size (-Xmx/-Xms)
#   Decrease number of Java threads
#   Decrease Java thread stack sizes (-Xss)
#   Set larger code cache with -XX:ReservedCodeCacheSize=
#   JVM is running with Zero Based Compressed Oops mode in which the Java heap is
#     placed in the first 32GB address space. The Java Heap base address is the
#     maximum limit for the native heap growth. Please use -XX:HeapBaseMinAddress
#     to set the Java Heap base and to place the Java Heap above 32GB virtual address.
# This output file may be truncated or incomplete.
#
#  Out of Memory Error (arena.cpp:195), pid=9044, tid=864
#
# JRE version: Java(TM) SE Runtime Environment (16.0.2+7) (build 16.0.2+7-67)
# Java VM: Java HotSpot(TM) 64-Bit Server VM (16.0.2+7-67, mixed mode, sharing, tiered, compressed oops, compressed class ptrs, g1 gc, windows-amd64)
# No core dump will be written. Minidumps are not enabled by default on client versions of Windows
#

---------------  S U M M A R Y ------------

Command Line: -Dclassworlds.conf=D:\Desarrollo\apache-maven-3.8.2\bin\m2.conf -Dmaven.home=D:\Desarrollo\apache-maven-3.8.2 -Dmaven.multiModuleProjectDirectory=C:\Users\andre\Documents\Codigo\Servicios\Proyecto\tripservice org.codehaus.plexus.classworlds.launcher.Launcher clean install

Host: AMD Ryzen 5 3500U with Radeon Vega Mobile Gfx  , 8 cores, 9G,  Windows 10 , 64 bit Build 19041 (10.0.19041.1151)
Time: Fri Sep 17 11:25:57 2021 SA Pacific Standard Time elapsed time: 0.377996 seconds (0d 0h 0m 0s)

---------------  T H R E A D  ---------------

Current thread (0x000002c17ffe4000):  JavaThread "C2 CompilerThread1" daemon [_thread_in_native, id=864, stack(0x000000ea3b300000,0x000000ea3b400000)]


Current CompileTask:
C2:    378  481       4       java.lang.StringLatin1::indexOf (121 bytes)

Stack: [0x000000ea3b300000,0x000000ea3b400000]
Native frames: (J=compiled Java code, j=interpreted, Vv=VM code, C=native code)
V  [jvm.dll+0x6681ca]
V  [jvm.dll+0x7c9e69]
V  [jvm.dll+0x7cb61e]
V  [jvm.dll+0x7cbc73]
V  [jvm.dll+0x242c55]
V  [jvm.dll+0xadeba]
V  [jvm.dll+0xae45c]
V  [jvm.dll+0x35a882]
V  [jvm.dll+0x324de1]
V  [jvm.dll+0x32428a]
V  [jvm.dll+0x215cec]
V  [jvm.dll+0x215100]
V  [jvm.dll+0x1a1beb]
V  [jvm.dll+0x225158]
V  [jvm.dll+0x22319c]
V  [jvm.dll+0x77fa62]
V  [jvm.dll+0x7795aa]
V  [jvm.dll+0x667066]
C  [ucrtbase.dll+0x21bb2]
C  [KERNEL32.DLL+0x17034]
C  [ntdll.dll+0x52651]


---------------  P R O C E S S  ---------------

Threads class SMR info:
_java_thread_list=0x000002c17ffc6d10, length=13, elements={
0x000002c17b38ab30, 0x000002c17eff4140, 0x000002c17eff57a0, 0x000002c17f008d00,
0x000002c17f009900, 0x000002c17f00eff0, 0x000002c17f013a00, 0x000002c17f017c30,
0x000002c17f018720, 0x000002c17f01d570, 0x000002c17fc96560, 0x000002c17fcbe1b0,
0x000002c17ffe4000
}

Java Threads: ( => current thread )
  0x000002c17b38ab30 JavaThread "main" [_thread_in_native, id=14392, stack(0x000000ea3a000000,0x000000ea3a100000)]
  0x000002c17eff4140 JavaThread "Reference Handler" daemon [_thread_blocked, id=15524, stack(0x000000ea3a700000,0x000000ea3a800000)]
  0x000002c17eff57a0 JavaThread "Finalizer" daemon [_thread_blocked, id=5152, stack(0x000000ea3a800000,0x000000ea3a900000)]
  0x000002c17f008d00 JavaThread "Signal Dispatcher" daemon [_thread_blocked, id=11252, stack(0x000000ea3a900000,0x000000ea3aa00000)]
  0x000002c17f009900 JavaThread "Attach Listener" daemon [_thread_blocked, id=14396, stack(0x000000ea3aa00000,0x000000ea3ab00000)]
  0x000002c17f00eff0 JavaThread "Service Thread" daemon [_thread_blocked, id=11876, stack(0x000000ea3ab00000,0x000000ea3ac00000)]
  0x000002c17f013a00 JavaThread "Monitor Deflation Thread" daemon [_thread_blocked, id=13248, stack(0x000000ea3ac00000,0x000000ea3ad00000)]
  0x000002c17f017c30 JavaThread "C2 CompilerThread0" daemon [_thread_in_native, id=6432, stack(0x000000ea3ad00000,0x000000ea3ae00000)]
  0x000002c17f018720 JavaThread "C1 CompilerThread0" daemon [_thread_in_vm, id=15352, stack(0x000000ea3ae00000,0x000000ea3af00000)]
  0x000002c17f01d570 JavaThread "Sweeper thread" daemon [_thread_blocked, id=15288, stack(0x000000ea3af00000,0x000000ea3b000000)]
  0x000002c17fc96560 JavaThread "Notification Thread" daemon [_thread_blocked, id=8348, stack(0x000000ea3b000000,0x000000ea3b100000)]
  0x000002c17fcbe1b0 JavaThread "Common-Cleaner" daemon [_thread_blocked, id=1280, stack(0x000000ea3b200000,0x000000ea3b300000)]
=>0x000002c17ffe4000 JavaThread "C2 CompilerThread1" daemon [_thread_in_native, id=864, stack(0x000000ea3b300000,0x000000ea3b400000)]

Other Threads:
  0x000002c17eff0d60 VMThread "VM Thread" [stack: 0x000000ea3a600000,0x000000ea3a700000] [id=8900]
  0x000002c17fcbdec0 WatcherThread [stack: 0x000000ea3b100000,0x000000ea3b200000] [id=15976]
  0x000002c17b3c9150 GCTaskThread "GC Thread#0" [stack: 0x000000ea3a100000,0x000000ea3a200000] [id=11396]
  0x000002c17b3d41d0 ConcurrentGCThread "G1 Main Marker" [stack: 0x000000ea3a200000,0x000000ea3a300000] [id=14752]
  0x000002c17b3d5460 ConcurrentGCThread "G1 Conc#0" [stack: 0x000000ea3a300000,0x000000ea3a400000] [id=15972]
  0x000002c17b464450 ConcurrentGCThread "G1 Refine#0" [stack: 0x000000ea3a400000,0x000000ea3a500000] [id=10776]
  0x000002c17b465ee0 ConcurrentGCThread "G1 Service" [stack: 0x000000ea3a500000,0x000000ea3a600000] [id=2872]

Threads with active compile tasks:
C2 CompilerThread1      417  481       4       java.lang.StringLatin1::indexOf (121 bytes)

VM state: not at safepoint (normal execution)

VM Mutex/Monitor currently owned by a thread: None

Heap address: 0x0000000760c00000, size: 2548 MB, Compressed Oops mode: Zero based, Oop shift amount: 3

CDS archive(s) mapped at: [0x0000000800000000-0x0000000800bb0000-0x0000000800bb0000), size 12255232, SharedBaseAddress: 0x0000000800000000, ArchiveRelocationMode: 0.
Compressed class space mapped at: 0x0000000800c00000-0x0000000840c00000, reserved size: 1073741824
Narrow klass base: 0x0000000800000000, Narrow klass shift: 3, Narrow klass range: 0x100000000

GC Precious Log:
 CPUs: 8 total, 8 available
 Memory: 10187M
 Large Page Support: Disabled
 NUMA Support: Disabled
 Compressed Oops: Enabled (Zero based)
 Heap Region Size: 2M
 Heap Min Capacity: 8M
 Heap Initial Capacity: 160M
 Heap Max Capacity: 2548M
 Pre-touch: Disabled
 Parallel Workers: 8
 Concurrent Workers: 2
 Concurrent Refinement Workers: 8
 Periodic GC: Disabled

Heap:
 garbage-first heap   total 163840K, used 6144K [0x0000000760c00000, 0x0000000800000000)
  region size 2048K, 4 young (8192K), 0 survivors (0K)
 Metaspace       used 2210K, committed 2368K, reserved 1056768K
  class space    used 186K, committed 256K, reserved 1048576K

Heap Regions: E=young(eden), S=young(survivor), O=old, HS=humongous(starts), HC=humongous(continues), CS=collection set, F=free, OA=open archive, CA=closed archive, TAMS=top-at-mark-start (previous, next)
|   0|0x0000000760c00000, 0x0000000760c00000, 0x0000000760e00000|  0%| F|  |TAMS 0x0000000760c00000, 0x0000000760c00000| Untracked 
|   1|0x0000000760e00000, 0x0000000760e00000, 0x0000000761000000|  0%| F|  |TAMS 0x0000000760e00000, 0x0000000760e00000| Untracked 
|   2|0x0000000761000000, 0x0000000761000000, 0x0000000761200000|  0%| F|  |TAMS 0x0000000761000000, 0x0000000761000000| Untracked 
|   3|0x0000000761200000, 0x0000000761200000, 0x0000000761400000|  0%| F|  |TAMS 0x0000000761200000, 0x0000000761200000| Untracked 
|   4|0x0000000761400000, 0x0000000761400000, 0x0000000761600000|  0%| F|  |TAMS 0x0000000761400000, 0x0000000761400000| Untracked 
|   5|0x0000000761600000, 0x0000000761600000, 0x0000000761800000|  0%| F|  |TAMS 0x0000000761600000, 0x0000000761600000| Untracked 
|   6|0x0000000761800000, 0x0000000761800000, 0x0000000761a00000|  0%| F|  |TAMS 0x0000000761800000, 0x0000000761800000| Untracked 
|   7|0x0000000761a00000, 0x0000000761a00000, 0x0000000761c00000|  0%| F|  |TAMS 0x0000000761a00000, 0x0000000761a00000| Untracked 
|   8|0x0000000761c00000, 0x0000000761c00000, 0x0000000761e00000|  0%| F|  |TAMS 0x0000000761c00000, 0x0000000761c00000| Untracked 
|   9|0x0000000761e00000, 0x0000000761e00000, 0x0000000762000000|  0%| F|  |TAMS 0x0000000761e00000, 0x0000000761e00000| Untracked 
|  10|0x0000000762000000, 0x0000000762000000, 0x0000000762200000|  0%| F|  |TAMS 0x0000000762000000, 0x0000000762000000| Untracked 
|  11|0x0000000762200000, 0x0000000762200000, 0x0000000762400000|  0%| F|  |TAMS 0x0000000762200000, 0x0000000762200000| Untracked 
|  12|0x0000000762400000, 0x0000000762400000, 0x0000000762600000|  0%| F|  |TAMS 0x0000000762400000, 0x0000000762400000| Untracked 
|  13|0x0000000762600000, 0x0000000762600000, 0x0000000762800000|  0%| F|  |TAMS 0x0000000762600000, 0x0000000762600000| Untracked 
|  14|0x0000000762800000, 0x0000000762800000, 0x0000000762a00000|  0%| F|  |TAMS 0x0000000762800000, 0x0000000762800000| Untracked 
|  15|0x0000000762a00000, 0x0000000762a00000, 0x0000000762c00000|  0%| F|  |TAMS 0x0000000762a00000, 0x0000000762a00000| Untracked 
|  16|0x0000000762c00000, 0x0000000762c00000, 0x0000000762e00000|  0%| F|  |TAMS 0x0000000762c00000, 0x0000000762c00000| Untracked 
|  17|0x0000000762e00000, 0x0000000762e00000, 0x0000000763000000|  0%| F|  |TAMS 0x0000000762e00000, 0x0000000762e00000| Untracked 
|  18|0x0000000763000000, 0x0000000763000000, 0x0000000763200000|  0%| F|  |TAMS 0x0000000763000000, 0x0000000763000000| Untracked 
|  19|0x0000000763200000, 0x0000000763200000, 0x0000000763400000|  0%| F|  |TAMS 0x0000000763200000, 0x0000000763200000| Untracked 
|  20|0x0000000763400000, 0x0000000763400000, 0x0000000763600000|  0%| F|  |TAMS 0x0000000763400000, 0x0000000763400000| Untracked 
|  21|0x0000000763600000, 0x0000000763600000, 0x0000000763800000|  0%| F|  |TAMS 0x0000000763600000, 0x0000000763600000| Untracked 
|  22|0x0000000763800000, 0x0000000763800000, 0x0000000763a00000|  0%| F|  |TAMS 0x0000000763800000, 0x0000000763800000| Untracked 
|  23|0x0000000763a00000, 0x0000000763a00000, 0x0000000763c00000|  0%| F|  |TAMS 0x0000000763a00000, 0x0000000763a00000| Untracked 
|  24|0x0000000763c00000, 0x0000000763c00000, 0x0000000763e00000|  0%| F|  |TAMS 0x0000000763c00000, 0x0000000763c00000| Untracked 
|  25|0x0000000763e00000, 0x0000000763e00000, 0x0000000764000000|  0%| F|  |TAMS 0x0000000763e00000, 0x0000000763e00000| Untracked 
|  26|0x0000000764000000, 0x0000000764000000, 0x0000000764200000|  0%| F|  |TAMS 0x0000000764000000, 0x0000000764000000| Untracked 
|  27|0x0000000764200000, 0x0000000764200000, 0x0000000764400000|  0%| F|  |TAMS 0x0000000764200000, 0x0000000764200000| Untracked 
|  28|0x0000000764400000, 0x0000000764400000, 0x0000000764600000|  0%| F|  |TAMS 0x0000000764400000, 0x0000000764400000| Untracked 
|  29|0x0000000764600000, 0x0000000764600000, 0x0000000764800000|  0%| F|  |TAMS 0x0000000764600000, 0x0000000764600000| Untracked 
|  30|0x0000000764800000, 0x0000000764800000, 0x0000000764a00000|  0%| F|  |TAMS 0x0000000764800000, 0x0000000764800000| Untracked 
|  31|0x0000000764a00000, 0x0000000764a00000, 0x0000000764c00000|  0%| F|  |TAMS 0x0000000764a00000, 0x0000000764a00000| Untracked 
|  32|0x0000000764c00000, 0x0000000764c00000, 0x0000000764e00000|  0%| F|  |TAMS 0x0000000764c00000, 0x0000000764c00000| Untracked 
|  33|0x0000000764e00000, 0x0000000764e00000, 0x0000000765000000|  0%| F|  |TAMS 0x0000000764e00000, 0x0000000764e00000| Untracked 
|  34|0x0000000765000000, 0x0000000765000000, 0x0000000765200000|  0%| F|  |TAMS 0x0000000765000000, 0x0000000765000000| Untracked 
|  35|0x0000000765200000, 0x0000000765200000, 0x0000000765400000|  0%| F|  |TAMS 0x0000000765200000, 0x0000000765200000| Untracked 
|  36|0x0000000765400000, 0x0000000765400000, 0x0000000765600000|  0%| F|  |TAMS 0x0000000765400000, 0x0000000765400000| Untracked 
|  37|0x0000000765600000, 0x0000000765600000, 0x0000000765800000|  0%| F|  |TAMS 0x0000000765600000, 0x0000000765600000| Untracked 
|  38|0x0000000765800000, 0x0000000765800000, 0x0000000765a00000|  0%| F|  |TAMS 0x0000000765800000, 0x0000000765800000| Untracked 
|  39|0x0000000765a00000, 0x0000000765a00000, 0x0000000765c00000|  0%| F|  |TAMS 0x0000000765a00000, 0x0000000765a00000| Untracked 
|  40|0x0000000765c00000, 0x0000000765c00000, 0x0000000765e00000|  0%| F|  |TAMS 0x0000000765c00000, 0x0000000765c00000| Untracked 
|  41|0x0000000765e00000, 0x0000000765e00000, 0x0000000766000000|  0%| F|  |TAMS 0x0000000765e00000, 0x0000000765e00000| Untracked 
|  42|0x0000000766000000, 0x0000000766000000, 0x0000000766200000|  0%| F|  |TAMS 0x0000000766000000, 0x0000000766000000| Untracked 
|  43|0x0000000766200000, 0x0000000766200000, 0x0000000766400000|  0%| F|  |TAMS 0x0000000766200000, 0x0000000766200000| Untracked 
|  44|0x0000000766400000, 0x0000000766400000, 0x0000000766600000|  0%| F|  |TAMS 0x0000000766400000, 0x0000000766400000| Untracked 
|  45|0x0000000766600000, 0x0000000766600000, 0x0000000766800000|  0%| F|  |TAMS 0x0000000766600000, 0x0000000766600000| Untracked 
|  46|0x0000000766800000, 0x0000000766800000, 0x0000000766a00000|  0%| F|  |TAMS 0x0000000766800000, 0x0000000766800000| Untracked 
|  47|0x0000000766a00000, 0x0000000766a00000, 0x0000000766c00000|  0%| F|  |TAMS 0x0000000766a00000, 0x0000000766a00000| Untracked 
|  48|0x0000000766c00000, 0x0000000766c00000, 0x0000000766e00000|  0%| F|  |TAMS 0x0000000766c00000, 0x0000000766c00000| Untracked 
|  49|0x0000000766e00000, 0x0000000766e00000, 0x0000000767000000|  0%| F|  |TAMS 0x0000000766e00000, 0x0000000766e00000| Untracked 
|  50|0x0000000767000000, 0x0000000767000000, 0x0000000767200000|  0%| F|  |TAMS 0x0000000767000000, 0x0000000767000000| Untracked 
|  51|0x0000000767200000, 0x0000000767200000, 0x0000000767400000|  0%| F|  |TAMS 0x0000000767200000, 0x0000000767200000| Untracked 
|  52|0x0000000767400000, 0x0000000767400000, 0x0000000767600000|  0%| F|  |TAMS 0x0000000767400000, 0x0000000767400000| Untracked 
|  53|0x0000000767600000, 0x0000000767600000, 0x0000000767800000|  0%| F|  |TAMS 0x0000000767600000, 0x0000000767600000| Untracked 
|  54|0x0000000767800000, 0x0000000767800000, 0x0000000767a00000|  0%| F|  |TAMS 0x0000000767800000, 0x0000000767800000| Untracked 
|  55|0x0000000767a00000, 0x0000000767a00000, 0x0000000767c00000|  0%| F|  |TAMS 0x0000000767a00000, 0x0000000767a00000| Untracked 
|  56|0x0000000767c00000, 0x0000000767c00000, 0x0000000767e00000|  0%| F|  |TAMS 0x0000000767c00000, 0x0000000767c00000| Untracked 
|  57|0x0000000767e00000, 0x0000000767e00000, 0x0000000768000000|  0%| F|  |TAMS 0x0000000767e00000, 0x0000000767e00000| Untracked 
|  58|0x0000000768000000, 0x0000000768000000, 0x0000000768200000|  0%| F|  |TAMS 0x0000000768000000, 0x0000000768000000| Untracked 
|  59|0x0000000768200000, 0x0000000768200000, 0x0000000768400000|  0%| F|  |TAMS 0x0000000768200000, 0x0000000768200000| Untracked 
|  60|0x0000000768400000, 0x0000000768400000, 0x0000000768600000|  0%| F|  |TAMS 0x0000000768400000, 0x0000000768400000| Untracked 
|  61|0x0000000768600000, 0x0000000768600000, 0x0000000768800000|  0%| F|  |TAMS 0x0000000768600000, 0x0000000768600000| Untracked 
|  62|0x0000000768800000, 0x0000000768800000, 0x0000000768a00000|  0%| F|  |TAMS 0x0000000768800000, 0x0000000768800000| Untracked 
|  63|0x0000000768a00000, 0x0000000768a00000, 0x0000000768c00000|  0%| F|  |TAMS 0x0000000768a00000, 0x0000000768a00000| Untracked 
|  64|0x0000000768c00000, 0x0000000768c00000, 0x0000000768e00000|  0%| F|  |TAMS 0x0000000768c00000, 0x0000000768c00000| Untracked 
|  65|0x0000000768e00000, 0x0000000768e00000, 0x0000000769000000|  0%| F|  |TAMS 0x0000000768e00000, 0x0000000768e00000| Untracked 
|  66|0x0000000769000000, 0x0000000769000000, 0x0000000769200000|  0%| F|  |TAMS 0x0000000769000000, 0x0000000769000000| Untracked 
|  67|0x0000000769200000, 0x0000000769200000, 0x0000000769400000|  0%| F|  |TAMS 0x0000000769200000, 0x0000000769200000| Untracked 
|  68|0x0000000769400000, 0x0000000769400000, 0x0000000769600000|  0%| F|  |TAMS 0x0000000769400000, 0x0000000769400000| Untracked 
|  69|0x0000000769600000, 0x0000000769600000, 0x0000000769800000|  0%| F|  |TAMS 0x0000000769600000, 0x0000000769600000| Untracked 
|  70|0x0000000769800000, 0x0000000769800000, 0x0000000769a00000|  0%| F|  |TAMS 0x0000000769800000, 0x0000000769800000| Untracked 
|  71|0x0000000769a00000, 0x0000000769a00000, 0x0000000769c00000|  0%| F|  |TAMS 0x0000000769a00000, 0x0000000769a00000| Untracked 
|  72|0x0000000769c00000, 0x0000000769c00000, 0x0000000769e00000|  0%| F|  |TAMS 0x0000000769c00000, 0x0000000769c00000| Untracked 
|  73|0x0000000769e00000, 0x0000000769e00000, 0x000000076a000000|  0%| F|  |TAMS 0x0000000769e00000, 0x0000000769e00000| Untracked 
|  74|0x000000076a000000, 0x000000076a000000, 0x000000076a200000|  0%| F|  |TAMS 0x000000076a000000, 0x000000076a000000| Untracked 
|  75|0x000000076a200000, 0x000000076a200000, 0x000000076a400000|  0%| F|  |TAMS 0x000000076a200000, 0x000000076a200000| Untracked 
|  76|0x000000076a400000, 0x000000076a600000, 0x000000076a600000|100%| E|  |TAMS 0x000000076a400000, 0x000000076a400000| Complete 
|  77|0x000000076a600000, 0x000000076a800000, 0x000000076a800000|100%| E|CS|TAMS 0x000000076a600000, 0x000000076a600000| Complete 
|  78|0x000000076a800000, 0x000000076aa00000, 0x000000076aa00000|100%| E|CS|TAMS 0x000000076a800000, 0x000000076a800000| Complete 
|  79|0x000000076aa00000, 0x000000076ac00000, 0x000000076ac00000|100%| E|CS|TAMS 0x000000076aa00000, 0x000000076aa00000| Complete 

Card table byte_map: [0x000002c17dbc0000,0x000002c17e0c0000] _byte_map_base: 0x000002c17a0ba000

Marking Bits (Prev, Next): (CMBitMap*) 0x000002c17b3c9840, (CMBitMap*) 0x000002c17b3c9880
 Prev Bits: [0x000002c1166a0000, 0x000002c118e70000)
 Next Bits: [0x000002c118e70000, 0x000002c11b640000)

Polling page: 0x000002c17b470000

Metaspace:

Usage:
  Non-class:      2.00 MB used.
      Class:    190.61 KB used.
       Both:      2.19 MB used.

Virtual space:
  Non-class space:        8.00 MB reserved,       2.06 MB ( 26%) committed,  1 nodes.
      Class space:        1.00 GB reserved,     256.00 KB ( <1%) committed,  1 nodes.
              Both:        1.01 GB reserved,       2.31 MB ( <1%) committed. 

Chunk freelists:
   Non-Class:  2.98 MB
       Class:  3.64 MB
        Both:  6.62 MB

MaxMetaspaceSize: 17179869184.00 GB
CompressedClassSpaceSize: 1.00 GB
 - commit_granule_bytes: 65536.
 - commit_granule_words: 8192.
 - virtual_space_node_default_size: 1048576.
 - enlarge_chunks_in_place: 1.
 - new_chunks_are_fully_committed: 0.
 - uncommit_free_chunks: 1.
 - use_allocation_guard: 0.
 - handle_deallocations: 1.


Internal statistics:

num_allocs_failed_limit: 0.
num_arena_births: 12.
num_arena_deaths: 0.
num_vsnodes_births: 2.
num_vsnodes_deaths: 0.
num_space_committed: 37.
num_space_uncommitted: 0.
num_chunks_returned_to_freelist: 0.
num_chunks_taken_from_freelist: 70.
num_chunk_merges: 0.
num_chunk_splits: 47.
num_chunks_enlarged: 39.
num_purges: 0.

CodeHeap 'non-profiled nmethods': size=120000Kb used=159Kb max_used=159Kb free=119840Kb
 bounds [0x000002c10f170000, 0x000002c10f3e0000, 0x000002c1166a0000]
CodeHeap 'profiled nmethods': size=120000Kb used=847Kb max_used=847Kb free=119152Kb
 bounds [0x000002c107c40000, 0x000002c107eb0000, 0x000002c10f170000]
CodeHeap 'non-nmethods': size=5760Kb used=1142Kb max_used=1147Kb free=4617Kb
 bounds [0x000002c1076a0000, 0x000002c107910000, 0x000002c107c40000]
 total_blobs=945 nmethods=523 adapters=335
 compilation: enabled
              stopped_count=0, restarted_count=0
 full_count=0

Compilation events (20 events):
Event: 0.352 Thread 0x000002c17f017c30  465   !   4       jdk.internal.misc.ScopedMemoryAccess::getByte (20 bytes)
Event: 0.352 Thread 0x000002c17f018720 nmethod 458 0x000002c107ce7d10 code [0x000002c107ce7ee0, 0x000002c107ce8328]
Event: 0.352 Thread 0x000002c17f018720  469       3       jdk.internal.jimage.ImageLocation::decompress (153 bytes)
Event: 0.353 Thread 0x000002c17f017c30 nmethod 465 0x000002c10f194c90 code [0x000002c10f194e20, 0x000002c10f194ef8]
Event: 0.354 Thread 0x000002c17ffe4000 nmethod 463 0x000002c10f195010 code [0x000002c10f1951a0, 0x000002c10f195368]
Event: 0.354 Thread 0x000002c17f018720 nmethod 469 0x000002c107ce8510 code [0x000002c107ce87e0, 0x000002c107ce9778]
Event: 0.354 Thread 0x000002c17f018720  472       3       jdk.internal.jimage.ImageStringsReader::hashCode (31 bytes)
Event: 0.354 Thread 0x000002c17f018720 nmethod 472 0x000002c107ce9c90 code [0x000002c107ce9e60, 0x000002c107cea038]
Event: 0.354 Thread 0x000002c17f018720  470       3       java.util.Optional::empty (6 bytes)
Event: 0.354 Thread 0x000002c17f018720 nmethod 470 0x000002c107cea110 code [0x000002c107cea2a0, 0x000002c107cea398]
Event: 0.354 Thread 0x000002c17f018720  471       3       jdk.internal.jimage.ImageStringsReader::hashCode (8 bytes)
Event: 0.355 Thread 0x000002c17f018720 nmethod 471 0x000002c107cea410 code [0x000002c107cea5e0, 0x000002c107cea818]
Event: 0.355 Thread 0x000002c17f018720  459       3       java.util.ArrayList::add (23 bytes)
Event: 0.355 Thread 0x000002c17f018720 nmethod 459 0x000002c107cea990 code [0x000002c107ceab60, 0x000002c107ceaf28]
Event: 0.356 Thread 0x000002c17f018720  473       3       java.util.WeakHashMap::indexFor (6 bytes)
Event: 0.356 Thread 0x000002c17f018720 nmethod 473 0x000002c107ceb090 code [0x000002c107ceb220, 0x000002c107ceb318]
Event: 0.359 Thread 0x000002c17f018720  474       3       sun.net.www.protocol.file.Handler::parseURL (18 bytes)
Event: 0.359 Thread 0x000002c17f018720 nmethod 474 0x000002c107ceb390 code [0x000002c107ceb540, 0x000002c107ceb6f8]
Event: 0.359 Thread 0x000002c17f018720  475       3       java.net.URLStreamHandler::parseURL (1201 bytes)
Event: 0.366 Thread 0x000002c17ffe4000  481       4       java.lang.StringLatin1::indexOf (121 bytes)

GC Heap History (0 events):
No events

Deoptimization events (4 events):
Event: 0.181 Thread 0x000002c17b38ab30 DEOPT PACKING pc=0x000002c107c58b67 sp=0x000000ea3a0f9cb0
Event: 0.181 Thread 0x000002c17b38ab30 DEOPT UNPACKING pc=0x000002c1076edece sp=0x000000ea3a0f90d0 mode 0
Event: 0.192 Thread 0x000002c17b38ab30 DEOPT PACKING pc=0x000002c107c57ed1 sp=0x000000ea3a0faae0
Event: 0.192 Thread 0x000002c17b38ab30 DEOPT UNPACKING pc=0x000002c1076edece sp=0x000000ea3a0f9f58 mode 0

Classes unloaded (0 events):
No events

Classes redefined (0 events):
No events

Internal exceptions (10 events):
Event: 0.223 Thread 0x000002c17b38ab30 Exception <a 'java/lang/NullPointerException'{0x000000076a637110}> (0x000000076a637110) 
thrown [t:\workspace\open\src\hotspot\share\interpreter\linkResolver.cpp, line 1385]
Event: 0.277 Thread 0x000002c17b38ab30 Exception <a 'java/lang/NullPointerException'{0x000000076a6f15b8}> (0x000000076a6f15b8) 
thrown [t:\workspace\open\src\hotspot\share\interpreter\linkResolver.cpp, line 1385]
Event: 0.277 Thread 0x000002c17b38ab30 Exception <a 'java/lang/NullPointerException'{0x000000076a6f1890}> (0x000000076a6f1890) 
thrown [t:\workspace\open\src\hotspot\share\interpreter\linkResolver.cpp, line 1385]
Event: 0.277 Thread 0x000002c17b38ab30 Exception <a 'java/lang/NullPointerException'{0x000000076a6f1b68}> (0x000000076a6f1b68) 
thrown [t:\workspace\open\src\hotspot\share\interpreter\linkResolver.cpp, line 1385]
Event: 0.278 Thread 0x000002c17b38ab30 Exception <a 'java/lang/NullPointerException'{0x000000076a6f7678}> (0x000000076a6f7678) 
thrown [t:\workspace\open\src\hotspot\share\interpreter\linkResolver.cpp, line 1385]
Event: 0.289 Thread 0x000002c17b38ab30 Exception <a 'java/lang/NoSuchMethodError'{0x000000076a70da38}: 'void java.lang.invoke.DirectMethodHandle$Holder.invokeSpecial(java.lang.Object, java.lang.Object, java.lang.Object)'> (0x000000076a70da38) 
thrown [t:\workspace\open\src\hotspot\share\interpreter\linkResolver.cpp, line 790]
Event: 0.295 Thread 0x000002c17b38ab30 Exception <a 'java/lang/NullPointerException'{0x000000076a739048}> (0x000000076a739048) 
thrown [t:\workspace\open\src\hotspot\share\interpreter\linkResolver.cpp, line 1385]
Event: 0.295 Thread 0x000002c17b38ab30 Exception <a 'java/lang/NullPointerException'{0x000000076a739320}> (0x000000076a739320) 
thrown [t:\workspace\open\src\hotspot\share\interpreter\linkResolver.cpp, line 1385]
Event: 0.295 Thread 0x000002c17b38ab30 Exception <a 'java/lang/NullPointerException'{0x000000076a7395f8}> (0x000000076a7395f8) 
thrown [t:\workspace\open\src\hotspot\share\interpreter\linkResolver.cpp, line 1385]
Event: 0.296 Thread 0x000002c17b38ab30 Exception <a 'java/lang/NullPointerException'{0x000000076a7398d0}> (0x000000076a7398d0) 
thrown [t:\workspace\open\src\hotspot\share\interpreter\linkResolver.cpp, line 1385]

Events (20 events):
Event: 0.341 loading class java/util/LinkedHashMap$LinkedKeyIterator
Event: 0.341 loading class java/util/LinkedHashMap$LinkedKeyIterator done
Event: 0.348 loading class jdk/internal/misc/ScopedMemoryAccess$Scope
Event: 0.348 loading class jdk/internal/misc/ScopedMemoryAccess$Scope done
Event: 0.349 loading class jdk/internal/loader/URLClassPath$FileLoader$1
Event: 0.349 loading class jdk/internal/loader/URLClassPath$FileLoader$1 done
Event: 0.349 loading class sun/net/ProgressMonitor
Event: 0.349 loading class sun/net/ProgressMonitor done
Event: 0.349 loading class sun/net/DefaultProgressMeteringPolicy
Event: 0.349 loading class sun/net/ProgressMeteringPolicy
Event: 0.349 loading class sun/net/ProgressMeteringPolicy done
Event: 0.349 loading class sun/net/DefaultProgressMeteringPolicy done
Event: 0.358 loading class java/io/StringWriter
Event: 0.358 loading class java/io/StringWriter done
Event: 0.358 loading class java/io/StringReader
Event: 0.358 loading class java/io/StringReader done
Event: 0.370 loading class java/lang/StringIndexOutOfBoundsException
Event: 0.370 loading class java/lang/IndexOutOfBoundsException
Event: 0.370 loading class java/lang/IndexOutOfBoundsException done
Event: 0.370 loading class java/lang/StringIndexOutOfBoundsException done


Dynamic libraries:
0x00007ff7a2560000 - 0x00007ff7a2570000 	C:\Program Files\Java\jdk-16.0.2\bin\java.exe
0x00007ff834190000 - 0x00007ff834385000 	C:\WINDOWS\SYSTEM32\ntdll.dll
0x00007ff832f60000 - 0x00007ff83301d000 	C:\WINDOWS\System32\KERNEL32.DLL
0x00007ff831e10000 - 0x00007ff8320d9000 	C:\WINDOWS\System32\KERNELBASE.dll
0x00007ff831970000 - 0x00007ff831a70000 	C:\WINDOWS\System32\ucrtbase.dll
0x00007ff829b00000 - 0x00007ff829b19000 	C:\Program Files\Java\jdk-16.0.2\bin\VCRUNTIME140.dll
0x00007ff81aae0000 - 0x00007ff81aaf8000 	C:\Program Files\Java\jdk-16.0.2\bin\jli.dll
0x00007ff833c10000 - 0x00007ff833cbc000 	C:\WINDOWS\System32\ADVAPI32.dll
0x00007ff8340b0000 - 0x00007ff83414e000 	C:\WINDOWS\System32\msvcrt.dll
0x00007ff833ae0000 - 0x00007ff833b7b000 	C:\WINDOWS\System32\sechost.dll
0x00007ff833d70000 - 0x00007ff833e9a000 	C:\WINDOWS\System32\RPCRT4.dll
0x00007ff820430000 - 0x00007ff8206ca000 	C:\WINDOWS\WinSxS\amd64_microsoft.windows.common-controls_6595b64144ccf1df_6.0.19041.1110_none_60b5254171f9507e\COMCTL32.dll
0x00007ff832220000 - 0x00007ff8323c0000 	C:\WINDOWS\System32\USER32.dll
0x00007ff831cc0000 - 0x00007ff831ce2000 	C:\WINDOWS\System32\win32u.dll
0x00007ff833ab0000 - 0x00007ff833ada000 	C:\WINDOWS\System32\GDI32.dll
0x00007ff8320e0000 - 0x00007ff8321eb000 	C:\WINDOWS\System32\gdi32full.dll
0x00007ff831c20000 - 0x00007ff831cbd000 	C:\WINDOWS\System32\msvcp_win.dll
0x00007ff828020000 - 0x00007ff82802a000 	C:\WINDOWS\SYSTEM32\VERSION.dll
0x00007ff8321f0000 - 0x00007ff832220000 	C:\WINDOWS\System32\IMM32.DLL
0x00007ff82e330000 - 0x00007ff82e33c000 	C:\Program Files\Java\jdk-16.0.2\bin\vcruntime140_1.dll
0x00007ff809be0000 - 0x00007ff809c71000 	C:\Program Files\Java\jdk-16.0.2\bin\msvcp140.dll
0x00007ffff5510000 - 0x00007ffff60bb000 	C:\Program Files\Java\jdk-16.0.2\bin\server\jvm.dll
0x00007ff833b90000 - 0x00007ff833b98000 	C:\WINDOWS\System32\PSAPI.DLL
0x00007ff828030000 - 0x00007ff828057000 	C:\WINDOWS\SYSTEM32\WINMM.dll
0x00007ff82e2b0000 - 0x00007ff82e2b9000 	C:\WINDOWS\SYSTEM32\WSOCK32.dll
0x00007ff833ba0000 - 0x00007ff833c0b000 	C:\WINDOWS\System32\WS2_32.dll
0x00007ff82f7d0000 - 0x00007ff82f7e2000 	C:\WINDOWS\SYSTEM32\kernel.appcore.dll
0x00007ff82c1d0000 - 0x00007ff82c1da000 	C:\Program Files\Java\jdk-16.0.2\bin\jimage.dll
0x00007ff8222f0000 - 0x00007ff8224d4000 	C:\WINDOWS\SYSTEM32\DBGHELP.DLL
0x00007ff823980000 - 0x00007ff8239ac000 	C:\WINDOWS\SYSTEM32\dbgcore.DLL
0x00007ff831d50000 - 0x00007ff831dd3000 	C:\WINDOWS\System32\bcryptPrimitives.dll
0x00007ff812e10000 - 0x00007ff812e35000 	C:\Program Files\Java\jdk-16.0.2\bin\java.dll
0x00007ff833370000 - 0x00007ff833aaf000 	C:\WINDOWS\System32\SHELL32.dll
0x00007ff82f9d0000 - 0x00007ff830160000 	C:\WINDOWS\SYSTEM32\windows.storage.dll
0x00007ff8323c0000 - 0x00007ff832715000 	C:\WINDOWS\System32\combase.dll
0x00007ff831250000 - 0x00007ff83127c000 	C:\WINDOWS\SYSTEM32\Wldp.dll
0x00007ff8330b0000 - 0x00007ff83315e000 	C:\WINDOWS\System32\SHCORE.dll
0x00007ff8331e0000 - 0x00007ff833235000 	C:\WINDOWS\System32\shlwapi.dll
0x00007ff831800000 - 0x00007ff83181f000 	C:\WINDOWS\SYSTEM32\profapi.dll
0x00007ff81a160000 - 0x00007ff81a179000 	C:\Program Files\Java\jdk-16.0.2\bin\net.dll
0x00007ff825f00000 - 0x00007ff826008000 	C:\WINDOWS\SYSTEM32\WINHTTP.dll
0x00007ff830fb0000 - 0x00007ff83101a000 	C:\WINDOWS\system32\mswsock.dll
0x00007ff81a140000 - 0x00007ff81a153000 	C:\Program Files\Java\jdk-16.0.2\bin\nio.dll
0x00007ff819810000 - 0x00007ff819828000 	C:\Program Files\Java\jdk-16.0.2\bin\zip.dll
0x0000000069ac0000 - 0x0000000069ae4000 	C:\Users\andre\AppData\Local\Temp\jansi-2.3.4-3bf525a9e0b1b9a-jansi.dll
0x00007ff82be70000 - 0x00007ff82be80000 	C:\Program Files\Java\jdk-16.0.2\bin\verify.dll

dbghelp: loaded successfully - version: 4.0.5 - missing functions: none
symbol engine: initialized successfully - sym options: 0x614 - pdb path: .;C:\Program Files\Java\jdk-16.0.2\bin;C:\WINDOWS\SYSTEM32;C:\WINDOWS\WinSxS\amd64_microsoft.windows.common-controls_6595b64144ccf1df_6.0.19041.1110_none_60b5254171f9507e;C:\Program Files\Java\jdk-16.0.2\bin\server;C:\Users\andre\AppData\Local\Temp

VM Arguments:
jvm_args: -Dclassworlds.conf=D:\Desarrollo\apache-maven-3.8.2\bin\m2.conf -Dmaven.home=D:\Desarrollo\apache-maven-3.8.2 -Dmaven.multiModuleProjectDirectory=C:\Users\andre\Documents\Codigo\Servicios\Proyecto\tripservice 
java_command: org.codehaus.plexus.classworlds.launcher.Launcher clean install
java_class_path (initial): D:\Desarrollo\apache-maven-3.8.2\boot\plexus-classworlds-2.6.0.jar
Launcher Type: SUN_STANDARD

[Global flags]
     intx CICompilerCount                          = 4                                         {product} {ergonomic}
     uint ConcGCThreads                            = 2                                         {product} {ergonomic}
     uint G1ConcRefinementThreads                  = 8                                         {product} {ergonomic}
   size_t G1HeapRegionSize                         = 2097152                                   {product} {ergonomic}
    uintx GCDrainStackTargetSize                   = 64                                        {product} {ergonomic}
   size_t InitialHeapSize                          = 167772160                                 {product} {ergonomic}
   size_t MarkStackSize                            = 4194304                                   {product} {ergonomic}
   size_t MaxHeapSize                              = 2671771648                                {product} {ergonomic}
   size_t MaxNewSize                               = 1602224128                                {product} {ergonomic}
   size_t MinHeapDeltaBytes                        = 2097152                                   {product} {ergonomic}
   size_t MinHeapSize                              = 8388608                                   {product} {ergonomic}
    uintx NonNMethodCodeHeapSize                   = 5839372                                {pd product} {ergonomic}
    uintx NonProfiledCodeHeapSize                  = 122909434                              {pd product} {ergonomic}
    uintx ProfiledCodeHeapSize                     = 122909434                              {pd product} {ergonomic}
    uintx ReservedCodeCacheSize                    = 251658240                              {pd product} {ergonomic}
     bool SegmentedCodeCache                       = true                                      {product} {ergonomic}
   size_t SoftMaxHeapSize                          = 2671771648                             {manageable} {ergonomic}
     bool UseCompressedClassPointers               = true                           {product lp64_product} {ergonomic}
     bool UseCompressedOops                        = true                           {product lp64_product} {ergonomic}
     bool UseG1GC                                  = true                                      {product} {ergonomic}
     bool UseLargePagesIndividualAllocation        = false                                  {pd product} {ergonomic}

Logging:
Log output configuration:
 #0: stdout all=warning uptime,level,tags
 #1: stderr all=off uptime,level,tags

Environment Variables:
PATH=C:\Program Files\Common Files\Oracle\Java\javapath;C:\ProgramData\Oracle\Java\javapath;C:\Program Files (x86)\NVIDIA Corporation\PhysX\Common;C:\Program Files (x86)\Common Files\Oracle\Java\javapath;C:\WINDOWS\system32;C:\WINDOWS;C:\WINDOWS\System32\Wbem;C:\WINDOWS\System32\WindowsPowerShell\v1.0\;C:\WINDOWS\System32\OpenSSH\;C:\Program Files\dotnet\;D:\Git\cmd;D:\NodeJs\;D:\Desarrollo\apache-maven-3.8.2\bin;C:\Users\andre\AppData\Local\Microsoft\WindowsApps;C:\Users\andre\.dotnet\tools;C:\Users\andre\AppData\Local\Programs\Microsoft VS Code\bin;C:\Users\andre\AppData\Roaming\npm;D:\IntelliJ\IntelliJ IDEA Community Edition 2021.2.1\bin;
USERNAME=andre
LANG=en_US.UTF-8
OS=Windows_NT
PROCESSOR_IDENTIFIER=AMD64 Family 23 Model 24 Stepping 1, AuthenticAMD



---------------  S Y S T E M  ---------------

OS:
 Windows 10 , 64 bit Build 19041 (10.0.19041.1151)
OS uptime: 0 days 12:04 hours

CPU: total 8 (initial active 8) (8 cores per cpu, 2 threads per core) family 23 model 24 stepping 1 microcode 0x0, cx8, cmov, fxsr, ht, mmx, 3dnowpref, sse, sse2, sse3, ssse3, sse4a, sse4.1, sse4.2, popcnt, lzcnt, tsc, tscinvbit, avx, avx2, aes, clmul, bmi1, bmi2, adx, sha, fma, vzeroupper, clflush, clflushopt

Memory: 4k page, system-wide physical 10187M (2736M free)
TotalPageFile size 10187M (AvailPageFile size 5M)
current process WorkingSet (physical memory assigned to process): 49M, peak: 49M
current process commit charge ("private bytes"): 252M, peak: 252M

vm_info: Java HotSpot(TM) 64-Bit Server VM (16.0.2+7-67) for windows-amd64 JRE (16.0.2+7-67), built on Jun  8 2021 23:24:19 by "mach5one" with MS VC++ 16.7 (VS2019)

END.
