#
# There is insufficient memory for the Java Runtime Environment to continue.
# Native memory allocation (malloc) failed to allocate 32744 bytes for ChunkPool::allocate
# Possible reasons:
#   The system is out of physical RAM or swap space
#   The process is running with CompressedOops enabled, and the Java Heap may be blocking the growth of the native heap
# Possible solutions:
#   Reduce memory load on the system
#   Increase physical memory or swap space
#   Check if swap backing store is full
#   Decrease Java heap size (-Xmx/-Xms)
#   Decrease number of Java threads
#   Decrease Java thread stack sizes (-Xss)
#   Set larger code cache with -XX:ReservedCodeCacheSize=
#   JVM is running with Unscaled Compressed Oops mode in which the Java heap is
#     placed in the first 4GB address space. The Java Heap base address is the
#     maximum limit for the native heap growth. Please use -XX:HeapBaseMinAddress
#     to set the Java Heap base and to place the Java Heap above 4GB virtual address.
# This output file may be truncated or incomplete.
#
#  Out of Memory Error (arena.cpp:79), pid=13332, tid=14592
#
# JRE version: Java(TM) SE Runtime Environment (16.0.2+7) (build 16.0.2+7-67)
# Java VM: Java HotSpot(TM) 64-Bit Server VM (16.0.2+7-67, mixed mode, sharing, tiered, compressed oops, compressed class ptrs, parallel gc, windows-amd64)
# No core dump will be written. Minidumps are not enabled by default on client versions of Windows
#

---------------  S U M M A R Y ------------

Command Line: --add-modules=ALL-SYSTEM --add-opens=java.base/java.util=ALL-UNNAMED --add-opens=java.base/java.lang=ALL-UNNAMED -Declipse.application=org.eclipse.jdt.ls.core.id1 -Dosgi.bundles.defaultStartLevel=4 -Declipse.product=org.eclipse.jdt.ls.core.product -Dfile.encoding=utf8 -DwatchParentProcess=false -XX:+UseParallelGC -XX:GCTimeRatio=4 -XX:AdaptiveSizePolicyWeight=90 -Dsun.zip.disableMemoryMapping=true -Xmx1G -Xms100m c:\Users\andre\.vscode\extensions\redhat.java-0.81.0\server\plugins\org.eclipse.equinox.launcher_1.6.200.v20210416-2027.jar -configuration c:\Users\andre\AppData\Roaming\Code\User\globalStorage\redhat.java\0.81.0\config_win -data c:\Users\andre\AppData\Roaming\Code\User\workspaceStorage\e63e964ed5729bb045605a7f42030fa2\redhat.java\jdt_ws

Host: AMD Ryzen 5 3500U with Radeon Vega Mobile Gfx  , 8 cores, 9G,  Windows 10 , 64 bit Build 19041 (10.0.19041.1151)
Time: Fri Sep 17 11:19:35 2021 SA Pacific Standard Time elapsed time: 178.373127 seconds (0d 0h 2m 58s)

---------------  T H R E A D  ---------------

Current thread (0x000001c0c94186b0):  JavaThread "C2 CompilerThread2" daemon [_thread_in_native, id=14592, stack(0x0000000486900000,0x0000000486a00000)]


Current CompileTask:
C2: 178373 11583       4       jdk.nio.zipfs.ZipConstants::cenSigAt (8 bytes)

Stack: [0x0000000486900000,0x0000000486a00000]
Native frames: (J=compiled Java code, j=interpreted, Vv=VM code, C=native code)
V  [jvm.dll+0x6681ca]
V  [jvm.dll+0x7c9e69]
V  [jvm.dll+0x7cb61e]
V  [jvm.dll+0x7cbc73]
V  [jvm.dll+0x242c55]
V  [jvm.dll+0xae10f]
V  [jvm.dll+0xae45c]
V  [jvm.dll+0x5f428f]
V  [jvm.dll+0x5f442f]
V  [jvm.dll+0x5f442f]
V  [jvm.dll+0x5f442f]
V  [jvm.dll+0x5fa347]
V  [jvm.dll+0x5fb1da]
V  [jvm.dll+0x5f979c]
V  [jvm.dll+0x215b58]
V  [jvm.dll+0x215100]
V  [jvm.dll+0x1a1beb]
V  [jvm.dll+0x225158]
V  [jvm.dll+0x22319c]
V  [jvm.dll+0x77fa62]
V  [jvm.dll+0x7795aa]
V  [jvm.dll+0x667066]
C  [ucrtbase.dll+0x21bb2]
C  [KERNEL32.DLL+0x17034]
C  [ntdll.dll+0x52651]


---------------  P R O C E S S  ---------------

Threads class SMR info:
_java_thread_list=0x000001c0c752a690, length=35, elements={
0x000001c0abc2a490, 0x000001c0abd0d340, 0x000001c0abd0e5f0, 0x000001c0c4570250,
0x000001c0c4570d60, 0x000001c0c4575060, 0x000001c0c4573d60, 0x000001c0c459aed0,
0x000001c0c459e090, 0x000001c0c459f180, 0x000001c0c6cb1770, 0x000001c0c6d67440,
0x000001c0c71e9340, 0x000001c0c74791e0, 0x000001c0c747cfc0, 0x000001c0c74a9a20,
0x000001c0c88e00a0, 0x000001c0c89132a0, 0x000001c0c8913d40, 0x000001c0c8912800,
0x000001c0c8901c80, 0x000001c0c8903c60, 0x000001c0c8904700, 0x000001c0c89041b0,
0x000001c0c8908c10, 0x000001c0cc505a50, 0x000001c0cc505fa0, 0x000001c0cc502a80,
0x000001c0cc502fd0, 0x000001c0cc503520, 0x000001c0cc503fc0, 0x000001c0c89051a0,
0x000001c0c8907c20, 0x000001c0c9419cf0, 0x000001c0c94186b0
}

Java Threads: ( => current thread )
  0x000001c0abc2a490 JavaThread "main" [_thread_blocked, id=4468, stack(0x0000000486b00000,0x0000000486c00000)]
  0x000001c0abd0d340 JavaThread "Reference Handler" daemon [_thread_blocked, id=13132, stack(0x0000000486e00000,0x0000000486f00000)]
  0x000001c0abd0e5f0 JavaThread "Finalizer" daemon [_thread_blocked, id=8672, stack(0x0000000486f00000,0x0000000487000000)]
  0x000001c0c4570250 JavaThread "Signal Dispatcher" daemon [_thread_blocked, id=11176, stack(0x0000000487000000,0x0000000487100000)]
  0x000001c0c4570d60 JavaThread "Attach Listener" daemon [_thread_blocked, id=1892, stack(0x0000000487100000,0x0000000487200000)]
  0x000001c0c4575060 JavaThread "Service Thread" daemon [_thread_blocked, id=2668, stack(0x0000000487200000,0x0000000487300000)]
  0x000001c0c4573d60 JavaThread "Monitor Deflation Thread" daemon [_thread_blocked, id=5440, stack(0x0000000487300000,0x0000000487400000)]
  0x000001c0c459aed0 JavaThread "C2 CompilerThread0" daemon [_thread_in_native, id=12936, stack(0x0000000487400000,0x0000000487500000)]
  0x000001c0c459e090 JavaThread "C1 CompilerThread0" daemon [_thread_in_native, id=12324, stack(0x0000000487500000,0x0000000487600000)]
  0x000001c0c459f180 JavaThread "Sweeper thread" daemon [_thread_blocked, id=12876, stack(0x0000000487600000,0x0000000487700000)]
  0x000001c0c6cb1770 JavaThread "Common-Cleaner" daemon [_thread_blocked, id=10320, stack(0x0000000487700000,0x0000000487800000)]
  0x000001c0c6d67440 JavaThread "Notification Thread" daemon [_thread_blocked, id=12200, stack(0x0000000487800000,0x0000000487900000)]
  0x000001c0c71e9340 JavaThread "Active Thread: Equinox Container: aabd119c-06a9-4d8f-811a-f170ac118433" [_thread_blocked, id=14940, stack(0x0000000487b00000,0x0000000487c00000)]
  0x000001c0c74791e0 JavaThread "Framework Event Dispatcher: Equinox Container: aabd119c-06a9-4d8f-811a-f170ac118433" daemon [_thread_blocked, id=12852, stack(0x0000000487a00000,0x0000000487b00000)]
  0x000001c0c747cfc0 JavaThread "Start Level: Equinox Container: aabd119c-06a9-4d8f-811a-f170ac118433" daemon [_thread_blocked, id=5428, stack(0x0000000487c00000,0x0000000487d00000)]
  0x000001c0c74a9a20 JavaThread "SCR Component Actor" daemon [_thread_blocked, id=14012, stack(0x0000000488000000,0x0000000488100000)]
  0x000001c0c88e00a0 JavaThread "Bundle File Closer" daemon [_thread_blocked, id=1968, stack(0x0000000488300000,0x0000000488400000)]
  0x000001c0c89132a0 JavaThread "Worker-JM" [_thread_blocked, id=13764, stack(0x0000000488400000,0x0000000488500000)]
  0x000001c0c8913d40 JavaThread "Worker-1" [_thread_blocked, id=14672, stack(0x0000000488600000,0x0000000488700000)]
  0x000001c0c8912800 JavaThread "Java indexing" daemon [_thread_blocked, id=9092, stack(0x0000000488200000,0x0000000488300000)]
  0x000001c0c8901c80 JavaThread "logback configurator timer" daemon [_thread_blocked, id=14984, stack(0x0000000488b00000,0x0000000488c00000)]
  0x000001c0c8903c60 JavaThread "pool-2-thread-1" [_thread_in_native, id=5676, stack(0x0000000488c00000,0x0000000488d00000)]
  0x000001c0c8904700 JavaThread "Worker-2" [_thread_blocked, id=13880, stack(0x0000000488d00000,0x0000000488e00000)]
  0x000001c0c89041b0 JavaThread "Worker-5" [_thread_blocked, id=6040, stack(0x0000000488100000,0x0000000488200000)]
  0x000001c0c8908c10 JavaThread "ForkJoinPool.commonPool-worker-3" daemon [_thread_blocked, id=3360, stack(0x0000000489400000,0x0000000489500000)]
  0x000001c0cc505a50 JavaThread "ForkJoinPool.commonPool-worker-7" daemon [_thread_blocked, id=14104, stack(0x0000000489600000,0x0000000489700000)]
  0x000001c0cc505fa0 JavaThread "ForkJoinPool.commonPool-worker-9" daemon [_thread_in_Java, id=6500, stack(0x0000000489100000,0x0000000489200000)]
  0x000001c0cc502a80 JavaThread "ForkJoinPool.commonPool-worker-11" daemon [_thread_blocked, id=15384, stack(0x0000000489900000,0x0000000489a00000)]
  0x000001c0cc502fd0 JavaThread "ForkJoinPool.commonPool-worker-13" daemon [_thread_blocked, id=10028, stack(0x0000000489000000,0x0000000489100000)]
  0x000001c0cc503520 JavaThread "ForkJoinPool.commonPool-worker-15" daemon [_thread_blocked, id=3500, stack(0x0000000489c00000,0x0000000489d00000)]
  0x000001c0cc503fc0 JavaThread "Java Debug Server" daemon [_thread_in_native, id=4672, stack(0x0000000489a00000,0x0000000489b00000)]
  0x000001c0c89051a0 JavaThread "RxSchedulerPurge-1" daemon [_thread_blocked, id=15876, stack(0x0000000489e00000,0x0000000489f00000)]
  0x000001c0c8907c20 JavaThread "RxCachedWorkerPoolEvictor-1" daemon [_thread_blocked, id=15064, stack(0x0000000489f00000,0x000000048a000000)]
  0x000001c0c9419cf0 JavaThread "C2 CompilerThread1" daemon [_thread_in_native, id=15840, stack(0x0000000486800000,0x0000000486900000)]
=>0x000001c0c94186b0 JavaThread "C2 CompilerThread2" daemon [_thread_in_native, id=14592, stack(0x0000000486900000,0x0000000486a00000)]

Other Threads:
  0x000001c0abd088e0 VMThread "VM Thread" [stack: 0x0000000486d00000,0x0000000486e00000] [id=15096]
  0x000001c0c6e10b00 WatcherThread [stack: 0x0000000487900000,0x0000000487a00000] [id=12900]
  0x000001c0abc45450 GCTaskThread "GC Thread#0" [stack: 0x0000000486c00000,0x0000000486d00000] [id=6952]
  0x000001c0c7106150 GCTaskThread "GC Thread#1" [stack: 0x0000000487d00000,0x0000000487e00000] [id=15212]
  0x000001c0c747d4e0 GCTaskThread "GC Thread#2" [stack: 0x0000000487e00000,0x0000000487f00000] [id=16208]
  0x000001c0c747d7f0 GCTaskThread "GC Thread#3" [stack: 0x0000000487f00000,0x0000000488000000] [id=13300]
  0x000001c0c8b4d7c0 GCTaskThread "GC Thread#4" [stack: 0x0000000488700000,0x0000000488800000] [id=32]
  0x000001c0c8b181d0 GCTaskThread "GC Thread#5" [stack: 0x0000000488800000,0x0000000488900000] [id=16144]
  0x000001c0c8b184e0 GCTaskThread "GC Thread#6" [stack: 0x0000000488900000,0x0000000488a00000] [id=896]
  0x000001c0c8b187f0 GCTaskThread "GC Thread#7" [stack: 0x0000000488a00000,0x0000000488b00000] [id=7756]

Threads with active compile tasks:
C2 CompilerThread0   178417 11547       4       org.eclipse.jdt.internal.compiler.lookup.LookupEnvironment::getTypeFromTypeSignature (770 bytes)
C1 CompilerThread0   178417 11616       3       jdk.nio.zipfs.ZipPath::<init> (67 bytes)
C2 CompilerThread1   178417 11603       4       jdk.nio.zipfs.ZipFileSystem::makeParentDirs (141 bytes)
C2 CompilerThread2   178417 11583       4       jdk.nio.zipfs.ZipConstants::cenSigAt (8 bytes)

VM state: not at safepoint (normal execution)

VM Mutex/Monitor currently owned by a thread: None

Heap address: 0x00000000c0000000, size: 1024 MB, Compressed Oops mode: 32-bit

CDS archive(s) mapped at: [0x0000000800000000-0x0000000800bb0000-0x0000000800bb0000), size 12255232, SharedBaseAddress: 0x0000000800000000, ArchiveRelocationMode: 0.
Compressed class space mapped at: 0x0000000800c00000-0x0000000840c00000, reserved size: 1073741824
Narrow klass base: 0x0000000800000000, Narrow klass shift: 3, Narrow klass range: 0x100000000

GC Precious Log:
 CPUs: 8 total, 8 available
 Memory: 10187M
 Large Page Support: Disabled
 NUMA Support: Disabled
 Compressed Oops: Enabled (32-bit)
 Alignments: Space 512K, Generation 512K, Heap 2M
 Heap Min Capacity: 100M
 Heap Initial Capacity: 100M
 Heap Max Capacity: 1G
 Pre-touch: Disabled
 Parallel Workers: 8

Heap:
 PSYoungGen      total 8704K, used 3953K [0x00000000eab00000, 0x00000000eb800000, 0x0000000100000000)
  eden space 5632K, 19% used [0x00000000eab00000,0x00000000eac18648,0x00000000eb080000)
  from space 3072K, 92% used [0x00000000eb500000,0x00000000eb7c4148,0x00000000eb800000)
  to   space 3584K, 0% used [0x00000000eb100000,0x00000000eb100000,0x00000000eb480000)
 ParOldGen       total 279040K, used 269621K [0x00000000c0000000, 0x00000000d1080000, 0x00000000eab00000)
  object space 279040K, 96% used [0x00000000c0000000,0x00000000d074d4d0,0x00000000d1080000)
 Metaspace       used 67696K, committed 68736K, reserved 1114112K
  class space    used 6979K, committed 7424K, reserved 1048576K

Card table byte_map: [0x000001c0ab610000,0x000001c0ab820000] _byte_map_base: 0x000001c0ab010000

Marking Bits: (ParMarkBitMap*) 0x00007ffff6000b20
 Begin Bits: [0x000001c0c23b0000, 0x000001c0c33b0000)
 End Bits:   [0x000001c0c33b0000, 0x000001c0c43b0000)

Polling page: 0x000001c0a9c50000

Metaspace:

Usage:
  Non-class:     59.29 MB used.
      Class:      6.82 MB used.
       Both:     66.11 MB used.

Virtual space:
  Non-class space:       64.00 MB reserved,      59.88 MB ( 94%) committed,  8 nodes.
      Class space:        1.00 GB reserved,       7.25 MB ( <1%) committed,  1 nodes.
              Both:        1.06 GB reserved,      67.12 MB (  6%) committed. 

Chunk freelists:
   Non-Class:  3.30 MB
       Class:  672.00 KB
        Both:  3.95 MB

MaxMetaspaceSize: 17179869184.00 GB
CompressedClassSpaceSize: 1.00 GB
 - commit_granule_bytes: 65536.
 - commit_granule_words: 8192.
 - virtual_space_node_default_size: 1048576.
 - enlarge_chunks_in_place: 1.
 - new_chunks_are_fully_committed: 0.
 - uncommit_free_chunks: 1.
 - use_allocation_guard: 0.
 - handle_deallocations: 1.


Internal statistics:

num_allocs_failed_limit: 6.
num_arena_births: 568.
num_arena_deaths: 2.
num_vsnodes_births: 9.
num_vsnodes_deaths: 0.
num_space_committed: 1076.
num_space_uncommitted: 2.
num_chunks_returned_to_freelist: 21.
num_chunks_taken_from_freelist: 3272.
num_chunk_merges: 10.
num_chunk_splits: 2147.
num_chunks_enlarged: 1416.
num_purges: 2.

CodeHeap 'non-profiled nmethods': size=120000Kb used=7679Kb max_used=7724Kb free=112320Kb
 bounds [0x000001c0bae80000, 0x000001c0bb610000, 0x000001c0c23b0000]
CodeHeap 'profiled nmethods': size=120000Kb used=19068Kb max_used=19322Kb free=100931Kb
 bounds [0x000001c0b3950000, 0x000001c0b4c40000, 0x000001c0bae80000]
CodeHeap 'non-nmethods': size=5760Kb used=1423Kb max_used=1489Kb free=4336Kb
 bounds [0x000001c0b33b0000, 0x000001c0b3620000, 0x000001c0b3950000]
 total_blobs=9961 nmethods=9194 adapters=679
 compilation: enabled
              stopped_count=0, restarted_count=0
 full_count=0

Compilation events (20 events):
Event: 178.365 Thread 0x000001c0c459e090 nmethod 11608 0x000001c0b4b6be10 code [0x000001c0b4b6bfc0, 0x000001c0b4b6c0e8]
Event: 178.365 Thread 0x000001c0c459e090 11606       3       org.eclipse.jdt.internal.core.util.Util::equalOrNull (23 bytes)
Event: 178.366 Thread 0x000001c0c459e090 nmethod 11606 0x000001c0b4b6b890 code [0x000001c0b4b6ba40, 0x000001c0b4b6bd08]
Event: 178.366 Thread 0x000001c0c459e090 11609       3       sun.nio.fs.WindowsPath::compareTo (118 bytes)
Event: 178.367 Thread 0x000001c0c94186b0 nmethod 11607 0x000001c0bb0b2210 code [0x000001c0bb0b23a0, 0x000001c0bb0b2478]
Event: 178.367 Thread 0x000001c0c94186b0 11581       4       jdk.nio.zipfs.ZipConstants::CENNAM (9 bytes)
Event: 178.368 Thread 0x000001c0c459e090 nmethod 11609 0x000001c0b4b69610 code [0x000001c0b4b69960, 0x000001c0b4b6aea8]
Event: 178.368 Thread 0x000001c0c459e090 11611       3       org.eclipse.jdt.internal.core.builder.ClasspathJrtWithReleaseOption::hashCode (34 bytes)
Event: 178.368 Thread 0x000001c0c459e090 nmethod 11611 0x000001c0b4b68f10 code [0x000001c0b4b69100, 0x000001c0b4b69478]
Event: 178.368 Thread 0x000001c0c459e090 11610       1       jdk.nio.zipfs.ZipPath::getFileSystem (5 bytes)
Event: 178.368 Thread 0x000001c0c459e090 nmethod 11610 0x000001c0bb20cb10 code [0x000001c0bb20cca0, 0x000001c0bb20cd78]
Event: 178.368 Thread 0x000001c0c459e090 11612       3       org.eclipse.jdt.internal.core.search.matching.JavaSearchNameEnvironment::addPackageNameToIndex (45 bytes)
Event: 178.368 Thread 0x000001c0c94186b0 nmethod 11581 0x000001c0bb20c790 code [0x000001c0bb20c920, 0x000001c0bb20c9d8]
Event: 178.368 Thread 0x000001c0c94186b0 11582       4       jdk.nio.zipfs.ZipConstants::CENEXT (9 bytes)
Event: 178.369 Thread 0x000001c0c459e090 nmethod 11612 0x000001c0b4b68310 code [0x000001c0b4b68540, 0x000001c0b4b68c98]
Event: 178.369 Thread 0x000001c0c459e090 11613       1       jdk.nio.zipfs.ZipFileSystem::provider (5 bytes)
Event: 178.369 Thread 0x000001c0c459e090 nmethod 11613 0x000001c0bb20c490 code [0x000001c0bb20c620, 0x000001c0bb20c6f8]
Event: 178.369 Thread 0x000001c0c94186b0 nmethod 11582 0x000001c0bb20c110 code [0x000001c0bb20c2a0, 0x000001c0bb20c358]
Event: 178.369 Thread 0x000001c0c94186b0 11583       4       jdk.nio.zipfs.ZipConstants::cenSigAt (8 bytes)
Event: 178.370 Thread 0x000001c0c459e090 11614       3       org.eclipse.jdt.internal.core.PackageFragmentRoot::getRawClasspathEntry (63 bytes)

GC Heap History (20 events):
Event: 50.565 GC heap before
{Heap before GC invocations=548 (full 18):
 PSYoungGen      total 8192K, used 7971K [0x00000000eab00000, 0x00000000eb500000, 0x0000000100000000)
  eden space 7680K, 100% used [0x00000000eab00000,0x00000000eb280000,0x00000000eb280000)
  from space 512K, 56% used [0x00000000eb280000,0x00000000eb2c8cb8,0x00000000eb300000)
  to   space 512K, 0% used [0x00000000eb480000,0x00000000eb480000,0x00000000eb500000)
 ParOldGen       total 279040K, used 247665K [0x00000000c0000000, 0x00000000d1080000, 0x00000000eab00000)
  object space 279040K, 88% used [0x00000000c0000000,0x00000000cf1dc758,0x00000000d1080000)
 Metaspace       used 65532K, committed 66560K, reserved 1114112K
  class space    used 6735K, committed 7168K, reserved 1048576K
}
Event: 50.568 GC heap after
{Heap after GC invocations=548 (full 18):
 PSYoungGen      total 9216K, used 482K [0x00000000eab00000, 0x00000000eb600000, 0x0000000100000000)
  eden space 8704K, 0% used [0x00000000eab00000,0x00000000eab00000,0x00000000eb380000)
  from space 512K, 94% used [0x00000000eb480000,0x00000000eb4f8840,0x00000000eb500000)
  to   space 1024K, 0% used [0x00000000eb380000,0x00000000eb380000,0x00000000eb480000)
 ParOldGen       total 279040K, used 247774K [0x00000000c0000000, 0x00000000d1080000, 0x00000000eab00000)
  object space 279040K, 88% used [0x00000000c0000000,0x00000000cf1f7980,0x00000000d1080000)
 Metaspace       used 65532K, committed 66560K, reserved 1114112K
  class space    used 6735K, committed 7168K, reserved 1048576K
}
Event: 104.995 GC heap before
{Heap before GC invocations=549 (full 18):
 PSYoungGen      total 9216K, used 9186K [0x00000000eab00000, 0x00000000eb600000, 0x0000000100000000)
  eden space 8704K, 100% used [0x00000000eab00000,0x00000000eb380000,0x00000000eb380000)
  from space 512K, 94% used [0x00000000eb480000,0x00000000eb4f8840,0x00000000eb500000)
  to   space 1024K, 0% used [0x00000000eb380000,0x00000000eb380000,0x00000000eb480000)
 ParOldGen       total 279040K, used 247774K [0x00000000c0000000, 0x00000000d1080000, 0x00000000eab00000)
  object space 279040K, 88% used [0x00000000c0000000,0x00000000cf1f7980,0x00000000d1080000)
 Metaspace       used 66525K, committed 67584K, reserved 1114112K
  class space    used 6920K, committed 7360K, reserved 1048576K
}
Event: 105.001 GC heap after
{Heap after GC invocations=549 (full 18):
 PSYoungGen      total 9728K, used 1024K [0x00000000eab00000, 0x00000000ebf00000, 0x0000000100000000)
  eden space 8704K, 0% used [0x00000000eab00000,0x00000000eab00000,0x00000000eb380000)
  from space 1024K, 100% used [0x00000000eb380000,0x00000000eb480000,0x00000000eb480000)
  to   space 5120K, 0% used [0x00000000eba00000,0x00000000eba00000,0x00000000ebf00000)
 ParOldGen       total 279040K, used 251110K [0x00000000c0000000, 0x00000000d1080000, 0x00000000eab00000)
  object space 279040K, 89% used [0x00000000c0000000,0x00000000cf5399f8,0x00000000d1080000)
 Metaspace       used 66525K, committed 67584K, reserved 1114112K
  class space    used 6920K, committed 7360K, reserved 1048576K
}
Event: 107.484 GC heap before
{Heap before GC invocations=550 (full 18):
 PSYoungGen      total 9728K, used 9720K [0x00000000eab00000, 0x00000000ebf00000, 0x0000000100000000)
  eden space 8704K, 99% used [0x00000000eab00000,0x00000000eb37e1f8,0x00000000eb380000)
  from space 1024K, 100% used [0x00000000eb380000,0x00000000eb480000,0x00000000eb480000)
  to   space 5120K, 0% used [0x00000000eba00000,0x00000000eba00000,0x00000000ebf00000)
 ParOldGen       total 279040K, used 251110K [0x00000000c0000000, 0x00000000d1080000, 0x00000000eab00000)
  object space 279040K, 89% used [0x00000000c0000000,0x00000000cf5399f8,0x00000000d1080000)
 Metaspace       used 66558K, committed 67584K, reserved 1114112K
  class space    used 6923K, committed 7360K, reserved 1048576K
}
Event: 107.494 GC heap after
{Heap after GC invocations=550 (full 18):
 PSYoungGen      total 10752K, used 5114K [0x00000000eab00000, 0x00000000ec680000, 0x0000000100000000)
  eden space 5632K, 0% used [0x00000000eab00000,0x00000000eab00000,0x00000000eb080000)
  from space 5120K, 99% used [0x00000000eba00000,0x00000000ebefeb30,0x00000000ebf00000)
  to   space 9728K, 0% used [0x00000000eb080000,0x00000000eb080000,0x00000000eba00000)
 ParOldGen       total 279040K, used 254588K [0x00000000c0000000, 0x00000000d1080000, 0x00000000eab00000)
  object space 279040K, 91% used [0x00000000c0000000,0x00000000cf89f058,0x00000000d1080000)
 Metaspace       used 66558K, committed 67584K, reserved 1114112K
  class space    used 6923K, committed 7360K, reserved 1048576K
}
Event: 108.255 GC heap before
{Heap before GC invocations=551 (full 18):
 PSYoungGen      total 10752K, used 10746K [0x00000000eab00000, 0x00000000ec680000, 0x0000000100000000)
  eden space 5632K, 100% used [0x00000000eab00000,0x00000000eb080000,0x00000000eb080000)
  from space 5120K, 99% used [0x00000000eba00000,0x00000000ebefeb30,0x00000000ebf00000)
  to   space 9728K, 0% used [0x00000000eb080000,0x00000000eb080000,0x00000000eba00000)
 ParOldGen       total 279040K, used 254588K [0x00000000c0000000, 0x00000000d1080000, 0x00000000eab00000)
  object space 279040K, 91% used [0x00000000c0000000,0x00000000cf89f058,0x00000000d1080000)
 Metaspace       used 66643K, committed 67648K, reserved 1114112K
  class space    used 6925K, committed 7360K, reserved 1048576K
}
Event: 108.261 GC heap after
{Heap after GC invocations=551 (full 18):
 PSYoungGen      total 6656K, used 909K [0x00000000eab00000, 0x00000000eba80000, 0x0000000100000000)
  eden space 5632K, 0% used [0x00000000eab00000,0x00000000eab00000,0x00000000eb080000)
  from space 1024K, 88% used [0x00000000eb080000,0x00000000eb163400,0x00000000eb180000)
  to   space 4096K, 0% used [0x00000000eb680000,0x00000000eb680000,0x00000000eba80000)
 ParOldGen       total 279040K, used 259728K [0x00000000c0000000, 0x00000000d1080000, 0x00000000eab00000)
  object space 279040K, 93% used [0x00000000c0000000,0x00000000cfda4038,0x00000000d1080000)
 Metaspace       used 66643K, committed 67648K, reserved 1114112K
  class space    used 6925K, committed 7360K, reserved 1048576K
}
Event: 108.707 GC heap before
{Heap before GC invocations=552 (full 18):
 PSYoungGen      total 6656K, used 6541K [0x00000000eab00000, 0x00000000eba80000, 0x0000000100000000)
  eden space 5632K, 100% used [0x00000000eab00000,0x00000000eb080000,0x00000000eb080000)
  from space 1024K, 88% used [0x00000000eb080000,0x00000000eb163400,0x00000000eb180000)
  to   space 4096K, 0% used [0x00000000eb680000,0x00000000eb680000,0x00000000eba80000)
 ParOldGen       total 279040K, used 259728K [0x00000000c0000000, 0x00000000d1080000, 0x00000000eab00000)
  object space 279040K, 93% used [0x00000000c0000000,0x00000000cfda4038,0x00000000d1080000)
 Metaspace       used 67009K, committed 68032K, reserved 1114112K
  class space    used 6934K, committed 7360K, reserved 1048576K
}
Event: 108.711 GC heap after
{Heap after GC invocations=552 (full 18):
 PSYoungGen      total 7680K, used 1657K [0x00000000eab00000, 0x00000000eb880000, 0x0000000100000000)
  eden space 5632K, 0% used [0x00000000eab00000,0x00000000eab00000,0x00000000eb080000)
  from space 2048K, 80% used [0x00000000eb680000,0x00000000eb81e410,0x00000000eb880000)
  to   space 2048K, 0% used [0x00000000eb480000,0x00000000eb480000,0x00000000eb680000)
 ParOldGen       total 279040K, used 260522K [0x00000000c0000000, 0x00000000d1080000, 0x00000000eab00000)
  object space 279040K, 93% used [0x00000000c0000000,0x00000000cfe6ab38,0x00000000d1080000)
 Metaspace       used 67009K, committed 68032K, reserved 1114112K
  class space    used 6934K, committed 7360K, reserved 1048576K
}
Event: 111.741 GC heap before
{Heap before GC invocations=553 (full 18):
 PSYoungGen      total 7680K, used 7289K [0x00000000eab00000, 0x00000000eb880000, 0x0000000100000000)
  eden space 5632K, 100% used [0x00000000eab00000,0x00000000eb080000,0x00000000eb080000)
  from space 2048K, 80% used [0x00000000eb680000,0x00000000eb81e410,0x00000000eb880000)
  to   space 2048K, 0% used [0x00000000eb480000,0x00000000eb480000,0x00000000eb680000)
 ParOldGen       total 279040K, used 260522K [0x00000000c0000000, 0x00000000d1080000, 0x00000000eab00000)
  object space 279040K, 93% used [0x00000000c0000000,0x00000000cfe6ab38,0x00000000d1080000)
 Metaspace       used 67144K, committed 68096K, reserved 1114112K
  class space    used 6935K, committed 7360K, reserved 1048576K
}
Event: 111.746 GC heap after
{Heap after GC invocations=553 (full 18):
 PSYoungGen      total 7680K, used 2030K [0x00000000eab00000, 0x00000000eb780000, 0x0000000100000000)
  eden space 5632K, 0% used [0x00000000eab00000,0x00000000eab00000,0x00000000eb080000)
  from space 2048K, 99% used [0x00000000eb480000,0x00000000eb67b8f0,0x00000000eb680000)
  to   space 1024K, 0% used [0x00000000eb680000,0x00000000eb680000,0x00000000eb780000)
 ParOldGen       total 279040K, used 261565K [0x00000000c0000000, 0x00000000d1080000, 0x00000000eab00000)
  object space 279040K, 93% used [0x00000000c0000000,0x00000000cff6f438,0x00000000d1080000)
 Metaspace       used 67144K, committed 68096K, reserved 1114112K
  class space    used 6935K, committed 7360K, reserved 1048576K
}
Event: 111.794 GC heap before
{Heap before GC invocations=554 (full 18):
 PSYoungGen      total 7680K, used 7662K [0x00000000eab00000, 0x00000000eb780000, 0x0000000100000000)
  eden space 5632K, 100% used [0x00000000eab00000,0x00000000eb080000,0x00000000eb080000)
  from space 2048K, 99% used [0x00000000eb480000,0x00000000eb67b8f0,0x00000000eb680000)
  to   space 1024K, 0% used [0x00000000eb680000,0x00000000eb680000,0x00000000eb780000)
 ParOldGen       total 279040K, used 261565K [0x00000000c0000000, 0x00000000d1080000, 0x00000000eab00000)
  object space 279040K, 93% used [0x00000000c0000000,0x00000000cff6f438,0x00000000d1080000)
 Metaspace       used 67190K, committed 68288K, reserved 1114112K
  class space    used 6938K, committed 7424K, reserved 1048576K
}
Event: 111.799 GC heap after
{Heap after GC invocations=554 (full 18):
 PSYoungGen      total 6656K, used 1017K [0x00000000eab00000, 0x00000000eb880000, 0x0000000100000000)
  eden space 5632K, 0% used [0x00000000eab00000,0x00000000eab00000,0x00000000eb080000)
  from space 1024K, 99% used [0x00000000eb680000,0x00000000eb77e6f0,0x00000000eb780000)
  to   space 4096K, 0% used [0x00000000eb080000,0x00000000eb080000,0x00000000eb480000)
 ParOldGen       total 279040K, used 264119K [0x00000000c0000000, 0x00000000d1080000, 0x00000000eab00000)
  object space 279040K, 94% used [0x00000000c0000000,0x00000000d01edd18,0x00000000d1080000)
 Metaspace       used 67190K, committed 68288K, reserved 1114112K
  class space    used 6938K, committed 7424K, reserved 1048576K
}
Event: 111.856 GC heap before
{Heap before GC invocations=555 (full 18):
 PSYoungGen      total 6656K, used 6649K [0x00000000eab00000, 0x00000000eb880000, 0x0000000100000000)
  eden space 5632K, 100% used [0x00000000eab00000,0x00000000eb080000,0x00000000eb080000)
  from space 1024K, 99% used [0x00000000eb680000,0x00000000eb77e6f0,0x00000000eb780000)
  to   space 4096K, 0% used [0x00000000eb080000,0x00000000eb080000,0x00000000eb480000)
 ParOldGen       total 279040K, used 264119K [0x00000000c0000000, 0x00000000d1080000, 0x00000000eab00000)
  object space 279040K, 94% used [0x00000000c0000000,0x00000000d01edd18,0x00000000d1080000)
 Metaspace       used 67269K, committed 68352K, reserved 1114112K
  class space    used 6943K, committed 7424K, reserved 1048576K
}
Event: 111.860 GC heap after
{Heap after GC invocations=555 (full 18):
 PSYoungGen      total 9728K, used 3726K [0x00000000eab00000, 0x00000000eb880000, 0x0000000100000000)
  eden space 5632K, 0% used [0x00000000eab00000,0x00000000eab00000,0x00000000eb080000)
  from space 4096K, 90% used [0x00000000eb080000,0x00000000eb4238f0,0x00000000eb480000)
  to   space 4096K, 0% used [0x00000000eb480000,0x00000000eb480000,0x00000000eb880000)
 ParOldGen       total 279040K, used 265153K [0x00000000c0000000, 0x00000000d1080000, 0x00000000eab00000)
  object space 279040K, 95% used [0x00000000c0000000,0x00000000d02f0408,0x00000000d1080000)
 Metaspace       used 67269K, committed 68352K, reserved 1114112K
  class space    used 6943K, committed 7424K, reserved 1048576K
}
Event: 178.213 GC heap before
{Heap before GC invocations=556 (full 18):
 PSYoungGen      total 9728K, used 9358K [0x00000000eab00000, 0x00000000eb880000, 0x0000000100000000)
  eden space 5632K, 100% used [0x00000000eab00000,0x00000000eb080000,0x00000000eb080000)
  from space 4096K, 90% used [0x00000000eb080000,0x00000000eb4238f0,0x00000000eb480000)
  to   space 4096K, 0% used [0x00000000eb480000,0x00000000eb480000,0x00000000eb880000)
 ParOldGen       total 279040K, used 265153K [0x00000000c0000000, 0x00000000d1080000, 0x00000000eab00000)
  object space 279040K, 95% used [0x00000000c0000000,0x00000000d02f0408,0x00000000d1080000)
 Metaspace       used 67283K, committed 68352K, reserved 1114112K
  class space    used 6943K, committed 7424K, reserved 1048576K
}
Event: 178.219 GC heap after
{Heap after GC invocations=556 (full 18):
 PSYoungGen      total 6144K, used 410K [0x00000000eab00000, 0x00000000eb500000, 0x0000000100000000)
  eden space 5632K, 0% used [0x00000000eab00000,0x00000000eab00000,0x00000000eb080000)
  from space 512K, 80% used [0x00000000eb480000,0x00000000eb4e6900,0x00000000eb500000)
  to   space 2048K, 0% used [0x00000000eb100000,0x00000000eb100000,0x00000000eb300000)
 ParOldGen       total 279040K, used 265761K [0x00000000c0000000, 0x00000000d1080000, 0x00000000eab00000)
  object space 279040K, 95% used [0x00000000c0000000,0x00000000d0388408,0x00000000d1080000)
 Metaspace       used 67283K, committed 68352K, reserved 1114112K
  class space    used 6943K, committed 7424K, reserved 1048576K
}
Event: 178.337 GC heap before
{Heap before GC invocations=557 (full 18):
 PSYoungGen      total 6144K, used 6042K [0x00000000eab00000, 0x00000000eb500000, 0x0000000100000000)
  eden space 5632K, 100% used [0x00000000eab00000,0x00000000eb080000,0x00000000eb080000)
  from space 512K, 80% used [0x00000000eb480000,0x00000000eb4e6900,0x00000000eb500000)
  to   space 2048K, 0% used [0x00000000eb100000,0x00000000eb100000,0x00000000eb300000)
 ParOldGen       total 279040K, used 265761K [0x00000000c0000000, 0x00000000d1080000, 0x00000000eab00000)
  object space 279040K, 95% used [0x00000000c0000000,0x00000000d0388408,0x00000000d1080000)
 Metaspace       used 67660K, committed 68672K, reserved 1114112K
  class space    used 6976K, committed 7424K, reserved 1048576K
}
Event: 178.341 GC heap after
{Heap after GC invocations=557 (full 18):
 PSYoungGen      total 7680K, used 2031K [0x00000000eab00000, 0x00000000eb980000, 0x0000000100000000)
  eden space 5632K, 0% used [0x00000000eab00000,0x00000000eab00000,0x00000000eb080000)
  from space 2048K, 99% used [0x00000000eb100000,0x00000000eb2fbec8,0x00000000eb300000)
  to   space 4608K, 0% used [0x00000000eb500000,0x00000000eb500000,0x00000000eb980000)
 ParOldGen       total 279040K, used 267597K [0x00000000c0000000, 0x00000000d1080000, 0x00000000eab00000)
  object space 279040K, 95% used [0x00000000c0000000,0x00000000d0553608,0x00000000d1080000)
 Metaspace       used 67660K, committed 68672K, reserved 1114112K
  class space    used 6976K, committed 7424K, reserved 1048576K
}

Deoptimization events (20 events):
Event: 178.361 Thread 0x000001c0cc505fa0 Uncommon trap: trap_request=0xffffffc6 fr.pc=0x000001c0bb0d549c relative=0x000000000000007c
Event: 178.361 Thread 0x000001c0cc505fa0 Uncommon trap: reason=bimorphic_or_optimized_type_check action=maybe_recompile pc=0x000001c0bb0d549c method=java.nio.file.Files.provider(Ljava/nio/file/Path;)Ljava/nio/file/spi/FileSystemProvider; @ 6 c2
Event: 178.361 Thread 0x000001c0cc505fa0 DEOPT PACKING pc=0x000001c0bb0d549c sp=0x00000004891fda50
Event: 178.361 Thread 0x000001c0cc505fa0 DEOPT UNPACKING pc=0x000001c0b33fd42e sp=0x00000004891fd9e0 mode 2
Event: 178.363 Thread 0x000001c0cc505fa0 Uncommon trap: trap_request=0xffffffde fr.pc=0x000001c0bb255068 relative=0x0000000000000688
Event: 178.363 Thread 0x000001c0cc505fa0 Uncommon trap: reason=class_check action=maybe_recompile pc=0x000001c0bb255068 method=org.eclipse.jdt.internal.compiler.util.JRTUtil.sanitizedFileName(Ljava/nio/file/Path;)Ljava/lang/String; @ 1 c2
Event: 178.363 Thread 0x000001c0cc505fa0 DEOPT PACKING pc=0x000001c0bb255068 sp=0x00000004891fda50
Event: 178.363 Thread 0x000001c0cc505fa0 DEOPT UNPACKING pc=0x000001c0b33fd42e sp=0x00000004891fda38 mode 2
Event: 178.363 Thread 0x000001c0cc505fa0 Uncommon trap: trap_request=0xffffffc6 fr.pc=0x000001c0bb0d549c relative=0x000000000000007c
Event: 178.363 Thread 0x000001c0cc505fa0 Uncommon trap: reason=bimorphic_or_optimized_type_check action=maybe_recompile pc=0x000001c0bb0d549c method=java.nio.file.Files.provider(Ljava/nio/file/Path;)Ljava/nio/file/spi/FileSystemProvider; @ 6 c2
Event: 178.363 Thread 0x000001c0cc505fa0 DEOPT PACKING pc=0x000001c0bb0d549c sp=0x00000004891fda40
Event: 178.363 Thread 0x000001c0cc505fa0 DEOPT UNPACKING pc=0x000001c0b33fd42e sp=0x00000004891fd9d0 mode 2
Event: 178.363 Thread 0x000001c0cc505fa0 Uncommon trap: trap_request=0xffffffc6 fr.pc=0x000001c0bb0d549c relative=0x000000000000007c
Event: 178.363 Thread 0x000001c0cc505fa0 Uncommon trap: reason=bimorphic_or_optimized_type_check action=maybe_recompile pc=0x000001c0bb0d549c method=java.nio.file.Files.provider(Ljava/nio/file/Path;)Ljava/nio/file/spi/FileSystemProvider; @ 6 c2
Event: 178.363 Thread 0x000001c0cc505fa0 DEOPT PACKING pc=0x000001c0bb0d549c sp=0x00000004891fda40
Event: 178.363 Thread 0x000001c0cc505fa0 DEOPT UNPACKING pc=0x000001c0b33fd42e sp=0x00000004891fd9d0 mode 2
Event: 178.363 Thread 0x000001c0cc505fa0 Uncommon trap: trap_request=0xffffffc6 fr.pc=0x000001c0bb0d549c relative=0x000000000000007c
Event: 178.363 Thread 0x000001c0cc505fa0 Uncommon trap: reason=bimorphic_or_optimized_type_check action=maybe_recompile pc=0x000001c0bb0d549c method=java.nio.file.Files.provider(Ljava/nio/file/Path;)Ljava/nio/file/spi/FileSystemProvider; @ 6 c2
Event: 178.363 Thread 0x000001c0cc505fa0 DEOPT PACKING pc=0x000001c0bb0d549c sp=0x00000004891fddb0
Event: 178.363 Thread 0x000001c0cc505fa0 DEOPT UNPACKING pc=0x000001c0b33fd42e sp=0x00000004891fdd40 mode 2

Classes unloaded (20 events):
Event: 22.590 Thread 0x000001c0abd088e0 Unloading class 0x0000000801131618 'org/codehaus/plexus/languages/java/jpms/ResolvePathsResult'
Event: 22.590 Thread 0x000001c0abd088e0 Unloading class 0x0000000801131420 'org/codehaus/plexus/compiler/util/scan/SourceInclusionScanner'
Event: 22.590 Thread 0x000001c0abd088e0 Unloading class 0x00000008011311e8 'org/codehaus/plexus/compiler/CompilerResult'
Event: 22.590 Thread 0x000001c0abd088e0 Unloading class 0x0000000801130ff0 'org/apache/maven/shared/utils/logging/MessageBuilder'
Event: 22.590 Thread 0x000001c0abd088e0 Unloading class 0x0000000801130b68 'org/codehaus/plexus/compiler/CompilerConfiguration'
Event: 22.590 Thread 0x000001c0abd088e0 Unloading class 0x0000000801130970 'org/codehaus/plexus/compiler/util/scan/mapping/SourceMapping'
Event: 22.590 Thread 0x000001c0abd088e0 Unloading class 0x0000000801130718 'org/codehaus/plexus/compiler/util/scan/InclusionScanException'
Event: 22.590 Thread 0x000001c0abd088e0 Unloading class 0x00000008011304b0 'org/apache/maven/plugin/compiler/CompilationFailureException'
Event: 22.590 Thread 0x000001c0abd088e0 Unloading class 0x0000000801130258 'org/codehaus/plexus/compiler/CompilerNotImplementedException'
Event: 22.590 Thread 0x000001c0abd088e0 Unloading class 0x0000000801130000 'org/codehaus/plexus/compiler/CompilerException'
Event: 22.590 Thread 0x000001c0abd088e0 Unloading class 0x000000080112dd18 'org/codehaus/plexus/compiler/manager/NoSuchCompilerException'
Event: 22.590 Thread 0x000001c0abd088e0 Unloading class 0x000000080112db20 'org/codehaus/plexus/compiler/Compiler'
Event: 22.590 Thread 0x000001c0abd088e0 Unloading class 0x000000080112d928 'org/codehaus/plexus/compiler/manager/CompilerManager'
Event: 22.590 Thread 0x000001c0abd088e0 Unloading class 0x000000080112d718 'org/codehaus/plexus/languages/java/jpms/LocationManager'
Event: 22.590 Thread 0x000001c0abd088e0 Unloading class 0x000000080112d520 'org/sonatype/plexus/components/cipher/PlexusCipher'
Event: 22.590 Thread 0x000001c0abd088e0 Unloading class 0x000000080112d328 'org/sonatype/plexus/components/sec/dispatcher/SecDispatcher'
Event: 22.590 Thread 0x000001c0abd088e0 Unloading class 0x000000080112d000 'org/apache/maven/plugin/compiler/TestCompilerMojo'
Event: 22.590 Thread 0x000001c0abd088e0 Unloading class 0x000000080112c400 'org/apache/maven/plugin/compiler/HelpMojo'
Event: 22.590 Thread 0x000001c0abd088e0 Unloading class 0x000000080112cb28 'org/apache/maven/plugin/compiler/CompilerMojo'
Event: 22.590 Thread 0x000001c0abd088e0 Unloading class 0x000000080112c800 'org/apache/maven/plugin/compiler/AbstractCompilerMojo'

Classes redefined (0 events):
No events

Internal exceptions (20 events):
Event: 108.180 Thread 0x000001c0cc505a50 Exception <a 'java/lang/ArrayIndexOutOfBoundsException'{0x00000000ead0b600}: Index 2920 out of bounds for length 2919> (0x00000000ead0b600) 
thrown [t:\workspace\open\src\hotspot\share\interpreter\interpreterRuntime.cpp, line 425]
Event: 108.180 Thread 0x000001c0cc505a50 Exception <a 'java/lang/ArrayIndexOutOfBoundsException'{0x00000000ead0b920}: Index 2920 out of bounds for length 2919> (0x00000000ead0b920) 
thrown [t:\workspace\open\src\hotspot\share\interpreter\interpreterRuntime.cpp, line 425]
Event: 108.182 Thread 0x000001c0cc503520 Exception <a 'java/lang/ArrayIndexOutOfBoundsException'{0x00000000ead120c8}> (0x00000000ead120c8) 
thrown [t:\workspace\open\src\hotspot\share\runtime\sharedRuntime.cpp, line 624]
Event: 108.204 Thread 0x000001c0cc503520 Exception <a 'java/lang/ArrayIndexOutOfBoundsException'{0x00000000eadf14b0}> (0x00000000eadf14b0) 
thrown [t:\workspace\open\src\hotspot\share\runtime\sharedRuntime.cpp, line 624]
Event: 108.211 Thread 0x000001c0cc503520 Exception <a 'java/lang/ArrayIndexOutOfBoundsException'{0x00000000eae15888}> (0x00000000eae15888) 
thrown [t:\workspace\open\src\hotspot\share\runtime\sharedRuntime.cpp, line 624]
Event: 108.213 Thread 0x000001c0cc503520 Exception <a 'java/lang/ArrayIndexOutOfBoundsException'{0x00000000eae18208}> (0x00000000eae18208) 
thrown [t:\workspace\open\src\hotspot\share\runtime\sharedRuntime.cpp, line 624]
Event: 108.263 Thread 0x000001c0cc503520 Implicit null exception at 0x000001c0bb0fed3e to 0x000001c0bb0fee8c
Event: 108.304 Thread 0x000001c0c89066e0 Exception <a 'java/lang/ArrayIndexOutOfBoundsException'{0x00000000eac2d4e0}> (0x00000000eac2d4e0) 
thrown [t:\workspace\open\src\hotspot\share\runtime\sharedRuntime.cpp, line 624]
Event: 108.622 Thread 0x000001c0c8913d40 Exception <a 'java/lang/ArrayIndexOutOfBoundsException'{0x00000000ead25348}> (0x00000000ead25348) 
thrown [t:\workspace\open\src\hotspot\share\runtime\sharedRuntime.cpp, line 624]
Event: 108.634 Thread 0x000001c0c8913d40 Exception <a 'java/lang/ArrayIndexOutOfBoundsException'{0x00000000eae053d0}> (0x00000000eae053d0) 
thrown [t:\workspace\open\src\hotspot\share\runtime\sharedRuntime.cpp, line 624]
Event: 108.635 Thread 0x000001c0c8913d40 Exception <a 'java/lang/ArrayIndexOutOfBoundsException'{0x00000000eae0b650}> (0x00000000eae0b650) 
thrown [t:\workspace\open\src\hotspot\share\runtime\sharedRuntime.cpp, line 624]
Event: 108.675 Thread 0x000001c0c8913d40 Exception <a 'java/lang/ArrayIndexOutOfBoundsException'{0x00000000eaf1b8b8}> (0x00000000eaf1b8b8) 
thrown [t:\workspace\open\src\hotspot\share\runtime\sharedRuntime.cpp, line 624]
Event: 108.693 Thread 0x000001c0c8913d40 Exception <a 'java/lang/ArrayIndexOutOfBoundsException'{0x00000000eb018848}> (0x00000000eb018848) 
thrown [t:\workspace\open\src\hotspot\share\runtime\sharedRuntime.cpp, line 624]
Event: 108.693 Thread 0x000001c0c8913d40 Exception <a 'java/lang/ArrayIndexOutOfBoundsException'{0x00000000eb019070}> (0x00000000eb019070) 
thrown [t:\workspace\open\src\hotspot\share\runtime\sharedRuntime.cpp, line 624]
Event: 108.693 Thread 0x000001c0c8913d40 Exception <a 'java/lang/ArrayIndexOutOfBoundsException'{0x00000000eb0194c8}> (0x00000000eb0194c8) 
thrown [t:\workspace\open\src\hotspot\share\runtime\sharedRuntime.cpp, line 624]
Event: 108.722 Thread 0x000001c0c8913d40 Exception <a 'java/lang/ArrayIndexOutOfBoundsException'{0x00000000eab595f8}> (0x00000000eab595f8) 
thrown [t:\workspace\open\src\hotspot\share\runtime\sharedRuntime.cpp, line 624]
Event: 108.730 Thread 0x000001c0c8913d40 Exception <a 'java/lang/ArrayIndexOutOfBoundsException'{0x00000000eac0d918}> (0x00000000eac0d918) 
thrown [t:\workspace\open\src\hotspot\share\runtime\sharedRuntime.cpp, line 624]
Event: 108.731 Thread 0x000001c0c8913d40 Exception <a 'java/lang/ArrayIndexOutOfBoundsException'{0x00000000eac0df00}> (0x00000000eac0df00) 
thrown [t:\workspace\open\src\hotspot\share\runtime\sharedRuntime.cpp, line 624]
Event: 108.731 Thread 0x000001c0c8913d40 Exception <a 'java/lang/ArrayIndexOutOfBoundsException'{0x00000000eac0e358}> (0x00000000eac0e358) 
thrown [t:\workspace\open\src\hotspot\share\runtime\sharedRuntime.cpp, line 624]
Event: 109.033 Thread 0x000001c0c89066e0 Exception <a 'java/lang/ArrayIndexOutOfBoundsException'{0x00000000eacf95e0}> (0x00000000eacf95e0) 
thrown [t:\workspace\open\src\hotspot\share\runtime\sharedRuntime.cpp, line 624]

Events (20 events):
Event: 178.286 loading class sun/nio/fs/FileOwnerAttributeViewImpl
Event: 178.287 loading class sun/nio/fs/FileOwnerAttributeViewImpl done
Event: 178.287 loading class sun/nio/fs/WindowsUserPrincipals
Event: 178.287 loading class sun/nio/fs/WindowsUserPrincipals done
Event: 178.288 loading class sun/nio/fs/WindowsUserPrincipals$Group
Event: 178.288 loading class java/nio/file/attribute/GroupPrincipal
Event: 178.288 loading class java/nio/file/attribute/GroupPrincipal done
Event: 178.288 loading class sun/nio/fs/WindowsUserPrincipals$User
Event: 178.289 loading class sun/nio/fs/WindowsUserPrincipals$User done
Event: 178.289 loading class sun/nio/fs/WindowsUserPrincipals$Group done
Event: 178.289 loading class java/nio/file/attribute/PosixFileAttributeView
Event: 178.289 loading class java/nio/file/attribute/PosixFileAttributeView done
Event: 178.289 loading class java/nio/file/attribute/UserDefinedFileAttributeView
Event: 178.289 loading class java/nio/file/attribute/UserDefinedFileAttributeView done
Event: 178.337 Executing  VM operation: ParallelGCFailedAllocation
Event: 178.341 Executing  VM operation: ParallelGCFailedAllocation done
Event: 178.345 Thread 0x000001c0c9419cf0 Thread added: 0x000001c0c9419cf0
Event: 178.345 Thread 0x000001c0c94186b0 Thread added: 0x000001c0c94186b0
Event: 178.362 loading class java/nio/file/DirectoryIteratorException
Event: 178.362 loading class java/nio/file/DirectoryIteratorException done


Dynamic libraries:
0x00007ff7a2560000 - 0x00007ff7a2570000 	C:\Program Files\Java\jdk-16.0.2\bin\java.exe
0x00007ff834190000 - 0x00007ff834385000 	C:\WINDOWS\SYSTEM32\ntdll.dll
0x00007ff832f60000 - 0x00007ff83301d000 	C:\WINDOWS\System32\KERNEL32.DLL
0x00007ff831e10000 - 0x00007ff8320d9000 	C:\WINDOWS\System32\KERNELBASE.dll
0x00007ff831970000 - 0x00007ff831a70000 	C:\WINDOWS\System32\ucrtbase.dll
0x00007ff829b00000 - 0x00007ff829b19000 	C:\Program Files\Java\jdk-16.0.2\bin\VCRUNTIME140.dll
0x00007ff81aae0000 - 0x00007ff81aaf8000 	C:\Program Files\Java\jdk-16.0.2\bin\jli.dll
0x00007ff833c10000 - 0x00007ff833cbc000 	C:\WINDOWS\System32\ADVAPI32.dll
0x00007ff8340b0000 - 0x00007ff83414e000 	C:\WINDOWS\System32\msvcrt.dll
0x00007ff833ae0000 - 0x00007ff833b7b000 	C:\WINDOWS\System32\sechost.dll
0x00007ff833d70000 - 0x00007ff833e9a000 	C:\WINDOWS\System32\RPCRT4.dll
0x00007ff832220000 - 0x00007ff8323c0000 	C:\WINDOWS\System32\USER32.dll
0x00007ff831cc0000 - 0x00007ff831ce2000 	C:\WINDOWS\System32\win32u.dll
0x00007ff833ab0000 - 0x00007ff833ada000 	C:\WINDOWS\System32\GDI32.dll
0x00007ff820430000 - 0x00007ff8206ca000 	C:\WINDOWS\WinSxS\amd64_microsoft.windows.common-controls_6595b64144ccf1df_6.0.19041.1110_none_60b5254171f9507e\COMCTL32.dll
0x00007ff8320e0000 - 0x00007ff8321eb000 	C:\WINDOWS\System32\gdi32full.dll
0x00007ff831c20000 - 0x00007ff831cbd000 	C:\WINDOWS\System32\msvcp_win.dll
0x00007ff828020000 - 0x00007ff82802a000 	C:\WINDOWS\SYSTEM32\VERSION.dll
0x00007ff8321f0000 - 0x00007ff832220000 	C:\WINDOWS\System32\IMM32.DLL
0x00007ff82e330000 - 0x00007ff82e33c000 	C:\Program Files\Java\jdk-16.0.2\bin\vcruntime140_1.dll
0x00007ff809be0000 - 0x00007ff809c71000 	C:\Program Files\Java\jdk-16.0.2\bin\msvcp140.dll
0x00007ffff5510000 - 0x00007ffff60bb000 	C:\Program Files\Java\jdk-16.0.2\bin\server\jvm.dll
0x00007ff833b90000 - 0x00007ff833b98000 	C:\WINDOWS\System32\PSAPI.DLL
0x00007ff82e2b0000 - 0x00007ff82e2b9000 	C:\WINDOWS\SYSTEM32\WSOCK32.dll
0x00007ff828030000 - 0x00007ff828057000 	C:\WINDOWS\SYSTEM32\WINMM.dll
0x00007ff833ba0000 - 0x00007ff833c0b000 	C:\WINDOWS\System32\WS2_32.dll
0x00007ff82f7d0000 - 0x00007ff82f7e2000 	C:\WINDOWS\SYSTEM32\kernel.appcore.dll
0x00007ff82c1d0000 - 0x00007ff82c1da000 	C:\Program Files\Java\jdk-16.0.2\bin\jimage.dll
0x00007ff8222f0000 - 0x00007ff8224d4000 	C:\WINDOWS\SYSTEM32\DBGHELP.DLL
0x00007ff823980000 - 0x00007ff8239ac000 	C:\WINDOWS\SYSTEM32\dbgcore.DLL
0x00007ff831d50000 - 0x00007ff831dd3000 	C:\WINDOWS\System32\bcryptPrimitives.dll
0x00007ff812e10000 - 0x00007ff812e35000 	C:\Program Files\Java\jdk-16.0.2\bin\java.dll
0x00007ff833370000 - 0x00007ff833aaf000 	C:\WINDOWS\System32\SHELL32.dll
0x00007ff82f9d0000 - 0x00007ff830160000 	C:\WINDOWS\SYSTEM32\windows.storage.dll
0x00007ff8323c0000 - 0x00007ff832715000 	C:\WINDOWS\System32\combase.dll
0x00007ff831250000 - 0x00007ff83127c000 	C:\WINDOWS\SYSTEM32\Wldp.dll
0x00007ff8330b0000 - 0x00007ff83315e000 	C:\WINDOWS\System32\SHCORE.dll
0x00007ff8331e0000 - 0x00007ff833235000 	C:\WINDOWS\System32\shlwapi.dll
0x00007ff831800000 - 0x00007ff83181f000 	C:\WINDOWS\SYSTEM32\profapi.dll
0x00007ff81a160000 - 0x00007ff81a179000 	C:\Program Files\Java\jdk-16.0.2\bin\net.dll
0x00007ff825f00000 - 0x00007ff826008000 	C:\WINDOWS\SYSTEM32\WINHTTP.dll
0x00007ff830fb0000 - 0x00007ff83101a000 	C:\WINDOWS\system32\mswsock.dll
0x00007ff81a140000 - 0x00007ff81a153000 	C:\Program Files\Java\jdk-16.0.2\bin\nio.dll
0x00007ff819810000 - 0x00007ff819828000 	C:\Program Files\Java\jdk-16.0.2\bin\zip.dll
0x00007ff8311a0000 - 0x00007ff8311b8000 	C:\WINDOWS\SYSTEM32\CRYPTSP.dll
0x00007ff830930000 - 0x00007ff830964000 	C:\WINDOWS\system32\rsaenh.dll
0x00007ff831de0000 - 0x00007ff831e07000 	C:\WINDOWS\System32\bcrypt.dll
0x00007ff831780000 - 0x00007ff8317ae000 	C:\WINDOWS\SYSTEM32\USERENV.dll
0x00007ff8311c0000 - 0x00007ff8311cc000 	C:\WINDOWS\SYSTEM32\CRYPTBASE.dll
0x00007ff830ca0000 - 0x00007ff830cdb000 	C:\WINDOWS\SYSTEM32\IPHLPAPI.DLL
0x00007ff833ea0000 - 0x00007ff833ea8000 	C:\WINDOWS\System32\NSI.dll
0x00007ff829bd0000 - 0x00007ff829be7000 	C:\WINDOWS\SYSTEM32\dhcpcsvc6.DLL
0x00007ff829f80000 - 0x00007ff829f9d000 	C:\WINDOWS\SYSTEM32\dhcpcsvc.DLL
0x00007ff830ce0000 - 0x00007ff830dac000 	C:\WINDOWS\SYSTEM32\DNSAPI.dll
0x00007ff80e990000 - 0x00007ff80e9ce000 	C:\Users\andre\AppData\Roaming\Code\User\globalStorage\redhat.java\0.81.0\config_win\org.eclipse.equinox.launcher\org.eclipse.equinox.launcher.win32.win32.x86_64_1.2.300.v20210622-1446\eclipse_11503.dll
0x00007ff82be70000 - 0x00007ff82be80000 	C:\Program Files\Java\jdk-16.0.2\bin\verify.dll
0x00007ff818bb0000 - 0x00007ff818bc1000 	C:\Users\andre\AppData\Roaming\Code\User\globalStorage\redhat.java\0.81.0\config_win\org.eclipse.osgi\22\0\.cp\jWinHttp-1.0.0.dll
0x00007ff833240000 - 0x00007ff83336a000 	C:\WINDOWS\System32\ole32.dll
0x00007ff82bab0000 - 0x00007ff82babe000 	C:\Program Files\Java\jdk-16.0.2\bin\sunmscapi.dll
0x00007ff831ac0000 - 0x00007ff831c1f000 	C:\WINDOWS\System32\CRYPT32.dll
0x00007ff8312c0000 - 0x00007ff8312e7000 	C:\WINDOWS\SYSTEM32\ncrypt.dll
0x00007ff831280000 - 0x00007ff8312bb000 	C:\WINDOWS\SYSTEM32\NTASN1.dll
0x000000006c8e0000 - 0x000000006c906000 	C:\Program Files\Bonjour\mdnsNSP.dll
0x00007ff825140000 - 0x00007ff82514a000 	C:\Windows\System32\rasadhlp.dll
0x00007ff825890000 - 0x00007ff82590f000 	C:\WINDOWS\System32\fwpuclnt.dll

dbghelp: loaded successfully - version: 4.0.5 - missing functions: none
symbol engine: initialized successfully - sym options: 0x614 - pdb path: .;C:\Program Files\Java\jdk-16.0.2\bin;C:\WINDOWS\SYSTEM32;C:\WINDOWS\WinSxS\amd64_microsoft.windows.common-controls_6595b64144ccf1df_6.0.19041.1110_none_60b5254171f9507e;C:\Program Files\Java\jdk-16.0.2\bin\server;C:\Users\andre\AppData\Roaming\Code\User\globalStorage\redhat.java\0.81.0\config_win\org.eclipse.equinox.launcher\org.eclipse.equinox.launcher.win32.win32.x86_64_1.2.300.v20210622-1446;C:\Users\andre\AppData\Roaming\Code\User\globalStorage\redhat.java\0.81.0\config_win\org.eclipse.osgi\22\0\.cp;C:\Program Files\Bonjour

VM Arguments:
jvm_args: --add-modules=ALL-SYSTEM --add-opens=java.base/java.util=ALL-UNNAMED --add-opens=java.base/java.lang=ALL-UNNAMED -Declipse.application=org.eclipse.jdt.ls.core.id1 -Dosgi.bundles.defaultStartLevel=4 -Declipse.product=org.eclipse.jdt.ls.core.product -Dfile.encoding=utf8 -DwatchParentProcess=false -XX:+UseParallelGC -XX:GCTimeRatio=4 -XX:AdaptiveSizePolicyWeight=90 -Dsun.zip.disableMemoryMapping=true -Xmx1G -Xms100m 
java_command: c:\Users\andre\.vscode\extensions\redhat.java-0.81.0\server\plugins\org.eclipse.equinox.launcher_1.6.200.v20210416-2027.jar -configuration c:\Users\andre\AppData\Roaming\Code\User\globalStorage\redhat.java\0.81.0\config_win -data c:\Users\andre\AppData\Roaming\Code\User\workspaceStorage\e63e964ed5729bb045605a7f42030fa2\redhat.java\jdt_ws
java_class_path (initial): c:\Users\andre\.vscode\extensions\redhat.java-0.81.0\server\plugins\org.eclipse.equinox.launcher_1.6.200.v20210416-2027.jar
Launcher Type: SUN_STANDARD

[Global flags]
    uintx AdaptiveSizePolicyWeight                 = 90                                        {product} {command line}
     intx CICompilerCount                          = 4                                         {product} {ergonomic}
    uintx GCTimeRatio                              = 4                                         {product} {command line}
   size_t InitialHeapSize                          = 104857600                                 {product} {command line}
   size_t MaxHeapSize                              = 1073741824                                {product} {command line}
   size_t MaxNewSize                               = 357564416                                 {product} {ergonomic}
   size_t MinHeapDeltaBytes                        = 524288                                    {product} {ergonomic}
   size_t MinHeapSize                              = 104857600                                 {product} {command line}
   size_t NewSize                                  = 34603008                                  {product} {ergonomic}
    uintx NonNMethodCodeHeapSize                   = 5839372                                {pd product} {ergonomic}
    uintx NonProfiledCodeHeapSize                  = 122909434                              {pd product} {ergonomic}
   size_t OldSize                                  = 70254592                                  {product} {ergonomic}
    uintx ProfiledCodeHeapSize                     = 122909434                              {pd product} {ergonomic}
    uintx ReservedCodeCacheSize                    = 251658240                              {pd product} {ergonomic}
     bool SegmentedCodeCache                       = true                                      {product} {ergonomic}
   size_t SoftMaxHeapSize                          = 1073741824                             {manageable} {ergonomic}
     bool UseCompressedClassPointers               = true                           {product lp64_product} {ergonomic}
     bool UseCompressedOops                        = true                           {product lp64_product} {ergonomic}
     bool UseLargePagesIndividualAllocation        = false                                  {pd product} {ergonomic}
     bool UseParallelGC                            = true                                      {product} {command line}

Logging:
Log output configuration:
 #0: stdout all=warning uptime,level,tags
 #1: stderr all=off uptime,level,tags

Environment Variables:
PATH=C:\Program Files\Common Files\Oracle\Java\javapath;C:\ProgramData\Oracle\Java\javapath;C:\Program Files (x86)\NVIDIA Corporation\PhysX\Common;C:\Program Files (x86)\Common Files\Oracle\Java\javapath;C:\WINDOWS\system32;C:\WINDOWS;C:\WINDOWS\System32\Wbem;C:\WINDOWS\System32\WindowsPowerShell\v1.0\;C:\WINDOWS\System32\OpenSSH\;C:\Program Files\dotnet\;D:\Git\cmd;D:\NodeJs\;D:\Desarrollo\apache-maven-3.8.2\bin;C:\Users\andre\AppData\Local\Microsoft\WindowsApps;C:\Users\andre\.dotnet\tools;C:\Users\andre\AppData\Local\Programs\Microsoft VS Code\bin;C:\Users\andre\AppData\Roaming\npm;D:\IntelliJ\IntelliJ IDEA Community Edition 2021.2.1\bin;
USERNAME=andre
OS=Windows_NT
PROCESSOR_IDENTIFIER=AMD64 Family 23 Model 24 Stepping 1, AuthenticAMD



---------------  S Y S T E M  ---------------

OS:
 Windows 10 , 64 bit Build 19041 (10.0.19041.1151)
OS uptime: 0 days 11:57 hours

CPU: total 8 (initial active 8) (8 cores per cpu, 2 threads per core) family 23 model 24 stepping 1 microcode 0x0, cx8, cmov, fxsr, ht, mmx, 3dnowpref, sse, sse2, sse3, ssse3, sse4a, sse4.1, sse4.2, popcnt, lzcnt, tsc, tscinvbit, avx, avx2, aes, clmul, bmi1, bmi2, adx, sha, fma, vzeroupper, clflush, clflushopt

Memory: 4k page, system-wide physical 10187M (2458M free)
TotalPageFile size 10187M (AvailPageFile size 5M)
current process WorkingSet (physical memory assigned to process): 592M, peak: 711M
current process commit charge ("private bytes"): 522M, peak: 648M

vm_info: Java HotSpot(TM) 64-Bit Server VM (16.0.2+7-67) for windows-amd64 JRE (16.0.2+7-67), built on Jun  8 2021 23:24:19 by "mach5one" with MS VC++ 16.7 (VS2019)

END.
